<?xml version="1.0" encoding="UTF-8"?>
<!-- Generated by org.testng.reporters.JUnitXMLReporter -->
<testsuite ignored="0" hostname="WKWZTPqvmdckJHX" failures="0" tests="48" name="Text Verification" time="661.262" errors="0" timestamp="2023-07-04T17:44:38 IST">
  <testcase classname="com.qa.bens.checklist.test.FindingTextTest" name="findingTextInThePage" time="22.032"/>
  <testcase classname="com.qa.bens.checklist.test.FindingTextTest" name="findingTextInThePage" time="13.328"/>
  <testcase classname="com.qa.bens.checklist.test.FindingTextTest" name="findingTextInThePage" time="10.983"/>
  <testcase classname="com.qa.bens.checklist.test.FindingTextTest" name="findingTextInThePage" time="13.864"/>
  <testcase classname="com.qa.bens.checklist.test.FindingTextTest" name="findingTextInThePage" time="12.428"/>
  <testcase classname="com.qa.bens.checklist.test.FindingTextTest" name="findingTextInThePage" time="15.167"/>
  <testcase classname="com.qa.bens.checklist.test.FindingTextTest" name="findingTextInThePage" time="13.925"/>
  <testcase classname="com.qa.bens.checklist.test.FindingTextTest" name="findingTextInThePage" time="13.783"/>
  <testcase classname="com.qa.bens.checklist.test.FindingTextTest" name="findingTextInThePage" time="11.614"/>
  <testcase classname="com.qa.bens.checklist.test.FindingTextTest" name="findingTextInThePage" time="13.345"/>
  <testcase classname="com.qa.bens.checklist.test.FindingTextTest" name="findingTextInThePage" time="13.794"/>
  <testcase classname="com.qa.bens.checklist.test.FindingTextTest" name="findingTextInThePage" time="13.406"/>
  <testcase classname="com.qa.bens.checklist.test.FindingTextTest" name="findingTextInThePage" time="14.336"/>
  <testcase classname="com.qa.bens.checklist.test.FindingTextTest" name="findingTextInThePage" time="10.914"/>
  <testcase classname="com.qa.bens.checklist.test.FindingTextTest" name="findingTextInThePage" time="15.315"/>
  <testcase classname="com.qa.bens.checklist.test.FindingTextTest" name="findingTextInThePage" time="15.078"/>
  <testcase classname="com.qa.bens.checklist.test.FindingTextTest" name="findingTextInThePage" time="14.196"/>
  <testcase classname="com.qa.bens.checklist.test.FindingTextTest" name="findingTextInThePage" time="14.397"/>
  <testcase classname="com.qa.bens.checklist.test.FindingTextTest" name="findingTextInThePage" time="16.054"/>
  <testcase classname="com.qa.bens.checklist.test.FindingTextTest" name="findingTextInThePage" time="21.972"/>
  <testcase classname="com.qa.bens.checklist.test.FindingTextTest" name="findingTextInThePage" time="17.774"/>
  <testcase classname="com.qa.bens.checklist.test.FindingTextTest" name="findingTextInThePage" time="14.355"/>
  <testcase classname="com.qa.bens.checklist.test.FindingTextTest" name="findingTextInThePage" time="16.088"/>
  <testcase classname="com.qa.bens.checklist.test.FindingTextTest" name="findingTextInThePage" time="12.119"/>
  <testcase classname="com.qa.bens.checklist.test.FindingTextTest" name="findingTextInThePage" time="13.851"/>
  <testcase classname="com.qa.bens.checklist.test.FindingTextTest" name="findingTextInThePage" time="13.737"/>
  <testcase classname="com.qa.bens.checklist.test.FindingTextTest" name="findingTextInThePage" time="14.272"/>
  <testcase classname="com.qa.bens.checklist.test.FindingTextTest" name="findingTextInThePage" time="15.74"/>
  <testcase classname="com.qa.bens.checklist.test.FindingTextTest" name="findingTextInThePage" time="12.348"/>
  <testcase classname="com.qa.bens.checklist.test.FindingTextTest" name="findingTextInThePage" time="12.281"/>
  <testcase classname="com.qa.bens.checklist.test.FindingTextTest" name="findingTextInThePage" time="12.546"/>
  <testcase classname="com.qa.bens.checklist.test.FindingTextTest" name="findingTextInThePage" time="13.225"/>
  <testcase classname="com.qa.bens.checklist.test.FindingTextTest" name="findingTextInThePage" time="12.251"/>
  <testcase classname="com.qa.bens.checklist.test.FindingTextTest" name="findingTextInThePage" time="13.216"/>
  <testcase classname="com.qa.bens.checklist.test.FindingTextTest" name="findingTextInThePage" time="11.693"/>
  <testcase classname="com.qa.bens.checklist.test.FindingTextTest" name="findingTextInThePage" time="11.96"/>
  <testcase classname="com.qa.bens.checklist.test.FindingTextTest" name="findingTextInThePage" time="11.732"/>
  <testcase classname="com.qa.bens.checklist.test.FindingTextTest" name="findingTextInThePage" time="11.833"/>
  <testcase classname="com.qa.bens.checklist.test.FindingTextTest" name="findingTextInThePage" time="12.575"/>
  <testcase classname="com.qa.bens.checklist.test.FindingTextTest" name="findingTextInThePage" time="12.564"/>
  <testcase classname="com.qa.bens.checklist.test.FindingTextTest" name="findingTextInThePage" time="12.585"/>
  <testcase classname="com.qa.bens.checklist.test.FindingTextTest" name="findingTextInThePage" time="11.959"/>
  <testcase classname="com.qa.bens.checklist.test.FindingTextTest" name="findingTextInThePage" time="12.433"/>
  <testcase classname="com.qa.bens.checklist.test.FindingTextTest" name="findingTextInThePage" time="17.813"/>
  <testcase classname="com.qa.bens.checklist.test.FindingTextTest" name="findingTextInThePage" time="12.25"/>
  <testcase classname="com.qa.bens.checklist.test.FindingTextTest" name="findingTextInThePage" time="13.788"/>
  <testcase classname="com.qa.bens.checklist.test.FindingTextTest" name="findingTextInThePage" time="11.67"/>
  <testcase classname="com.qa.bens.checklist.test.FindingTextTest" name="findingTextInThePage" time="10.977"/>
</testsuite> <!-- Text Verification -->
