<?xml version="1.0" encoding="UTF-8"?>
<!-- Generated by org.testng.reporters.JUnitXMLReporter -->
<testsuite ignored="98" hostname="WKWZTPqvmdckJHX" failures="13" tests="770" name="Dr.Best Automation Test" time="9933.147" errors="0" timestamp="2023-04-10T02:26:05 IST">
  <testcase classname="com.qa.drbest.ge.test.drbestInterdentalTest" name="verifydrbestcookiePopupLink" time="40.982"/>
  <testcase classname="com.qa.drbest.ge.test.drbestInterdentalTest" name="verifyVerteileLink" time="4.252"/>
  <testcase classname="com.qa.drbest.ge.test.drbestInterdentalTest" name="verifyDetailsLink" time="4.182"/>
  <testcase classname="com.qa.drbest.ge.test.drbestInterdentalTest" name="verifyMaterialiansLink" time="4.303"/>
  <testcase classname="com.qa.drbest.ge.test.drbestInterdentalTest" name="verifyTippsLink" time="4.271"/>
  <testcase classname="com.qa.drbest.ge.test.drbestInterdentalTest" name="verifyGrozenLink" time="4.197"/>
  <testcase classname="com.qa.drbest.ge.test.drbestInterdentalTest" name="verifyBuyNowBtnLink" time="4.863"/>
  <testcase classname="com.qa.drbest.ge.test.drbestInterdentalTest" name="verifyWarumLink" time="8.557"/>
  <testcase classname="com.qa.drbest.ge.test.drbestInterdentalTest" name="verifyWiefindeLink" time="8.448"/>
  <testcase classname="com.qa.drbest.ge.test.drbestInterdentalTest" name="verifyKannichLink" time="8.488"/>
  <testcase classname="com.qa.drbest.ge.test.drbestInterdentalTest" name="verifyWieLink" time="8.474"/>
  <testcase classname="com.qa.drbest.ge.test.drbestInterdentalTest" name="verifyWastunLink" time="8.472"/>
  <testcase classname="com.qa.drbest.ge.test.drbestInterdentalTest" name="verifyWastun1Link" time="8.499"/>
  <testcase classname="com.qa.drbest.ge.test.drbestInterdentalTest" name="verifyVerwendetLink" time="8.493"/>
  <testcase classname="com.qa.drbest.ge.test.drbestInterdentalTest" name="verifyWielangeLink" time="8.478"/>
  <testcase classname="com.qa.drbest.ge.test.drbestInterdentalTest" name="verifyWiewendeLink" time="8.478"/>
  <testcase classname="com.qa.drbest.ge.test.drbestInterdentalTest" name="verifyWieBruckeLink" time="8.52"/>
  <testcase classname="com.qa.drbest.ge.test.drbestInterdentalTest" name="verifyWieImplantateLink" time="8.482"/>
  <testcase classname="com.qa.drbest.ge.test.drbestInterdentalTest" name="verifyGreenCleanLink" time="8.433"/>
  <testcase classname="com.qa.drbest.ge.test.drbestInterdentalTest" name="verifyNachwachsendenLink" time="8.532"/>
  <testcase classname="com.qa.drbest.ge.test.drbestInterdentalTest" name="verifyGreenCleanInterdentalLink" time="8.487"/>
  <testcase classname="com.qa.drbest.ge.test.drbestInterdentalTest" name="verifyWorausbesteLink" time="8.406"/>
  <testcase classname="com.qa.drbest.ge.test.drbestInterdentalTest" name="verifyWasbedutetLink" time="8.456"/>
  <testcase classname="com.qa.drbest.ge.test.drbestInterdentalTest" name="verifyBuyNow1Link" time="0.78"/>
  <testcase classname="com.qa.drbest.ge.test.drbestInterdentalTest" name="verifyWeitree1Link" time="10.139"/>
  <testcase classname="com.qa.drbest.ge.test.drbestInterdentalTest" name="verifyBuyNow2Link" time="0.763"/>
  <testcase classname="com.qa.drbest.ge.test.drbestInterdentalTest" name="verifyWeitree2Link" time="7.133"/>
  <testcase classname="com.qa.drbest.ge.test.drbestPremiumInterdentaktivTest" name="verifydrbestcookiePopupLink" time="40.876"/>
  <testcase classname="com.qa.drbest.ge.test.drbestPremiumInterdentaktivTest" name="verifyBuyNow1Link" time="4.461"/>
  <testcase classname="com.qa.drbest.ge.test.drbestKontaktTest" name="verifydrbestcookiePopupLink" time="40.624"/>
  <testcase classname="com.qa.drbest.ge.test.drbestKinderCoolKidsTest" name="verifydrbestcookiePopupLink" time="40.655"/>
  <testcase classname="com.qa.drbest.ge.test.drbestKinderCoolKidsTest" name="verifyBuyNow1Link" time="4.818"/>
  <testcase classname="com.qa.drbest.ge.test.drbestKinderCoolKidsTest" name="verifyReviewLink" time="7.811"/>
  <testcase classname="com.qa.drbest.ge.test.drbestKinderCoolKidsTest" name="verifyReview1Link" time="9.1"/>
  <testcase classname="com.qa.drbest.ge.test.drbestKinderCoolKidsTest" name="verifyVibrationjuniorzahnLink" time="4.793"/>
  <testcase classname="com.qa.drbest.ge.test.drbestKinderCoolKidsTest" name="verifyVibrationjuniorzahnProductLink" time="4.393"/>
  <testcase classname="com.qa.drbest.ge.test.drbestKinderCoolKidsTest" name="verifyVibrationjuniorzahnBuyNowLink" time="4.851"/>
  <testcase classname="com.qa.drbest.ge.test.DrBestkinderErsteZahneTest" name="cookieButton" time="40.755"/>
  <testcase classname="com.qa.drbest.ge.test.DrBestkinderErsteZahneTest" name="verifyBuyNow1" time="5.16"/>
  <testcase classname="com.qa.drbest.ge.test.DrBestkinderErsteZahneTest" name="verifyReviewLink" time="10.282"/>
  <testcase classname="com.qa.drbest.ge.test.DrBestkinderErsteZahneTest" name="verifyDrBESTMilchzahnImage" time="4.302"/>
  <testcase classname="com.qa.drbest.ge.test.DrBestkinderErsteZahneTest" name="verifyMehrErfahren1" time="4.36"/>
  <testcase classname="com.qa.drbest.ge.test.DrBestkinderErsteZahneTest" name="verifyJetztKaufen1" time="4.835"/>
  <testcase classname="com.qa.drbest.ge.test.drbestErwachseneTest" name="verifydrbestcookiePopupLink" time="40.644"/>
  <testcase classname="com.qa.drbest.ge.test.drbestErwachseneTest" name="verifyYouTubeLink" time="0.96"/>
  <testcase classname="com.qa.drbest.ge.test.drbestErwachseneTest" name="verifyVibrationPolimedLink" time="9.583"/>
  <testcase classname="com.qa.drbest.ge.test.drbestErwachseneTest" name="verifyVibrationPolimedProductLink" time="4.358"/>
  <testcase classname="com.qa.drbest.ge.test.drbestErwachseneTest" name="verifyVibrationPolimedBuyNowLink" time="4.893"/>
  <testcase classname="com.qa.drbest.ge.test.drbestErwachseneTest" name="verifyVibrationMultiExpertLink" time="5.842"/>
  <testcase classname="com.qa.drbest.ge.test.drbestErwachseneTest" name="verifyVibrationMultiExpertProductLink" time="4.537"/>
  <testcase classname="com.qa.drbest.ge.test.drbestErwachseneTest" name="verifyVibrationMultiExpertBuyNowLink" time="4.873"/>
  <testcase classname="com.qa.drbest.ge.test.drbestErwachseneTest" name="verifyXZwischenzahnLink" time="4.538"/>
  <testcase classname="com.qa.drbest.ge.test.drbestErwachseneTest" name="verifyXZwischenzahnProductLink" time="4.34"/>
  <testcase classname="com.qa.drbest.ge.test.drbestErwachseneTest" name="verifyXZwischenzahnBuyNowLink" time="4.89"/>
  <testcase classname="com.qa.drbest.ge.test.drbestErwachseneTest" name="verifyQuiz1Link" time="8.487"/>
  <testcase classname="com.qa.drbest.ge.test.drbestErwachseneTest" name="verifyQuiz2Link" time="8.525"/>
  <testcase classname="com.qa.drbest.ge.test.drbestErwachseneTest" name="verifyQuiz3Link" time="6.542"/>
  <testcase classname="com.qa.drbest.ge.test.drbestErwachseneTest" name="verifyQuiz4Link" time="6.554"/>
  <testcase classname="com.qa.drbest.ge.test.drbestErwachseneTest" name="verifyQuiz5Link" time="6.576"/>
  <testcase classname="com.qa.drbest.ge.test.drbestErwachseneTest" name="verifyQuiz6Link" time="4.584"/>
  <testcase classname="com.qa.drbest.ge.test.drbestErwachseneTest" name="verifyQuiz7Link" time="6.564"/>
  <testcase classname="com.qa.drbest.ge.test.drbestErwachseneTest" name="verifyQuiz8Link" time="6.588"/>
  <testcase classname="com.qa.drbest.ge.test.drbestErwachseneTest" name="verifyGesundeLink" time="4.505"/>
  <testcase classname="com.qa.drbest.ge.test.drbestErwachseneTest" name="verifyGesunde1Link" time="4.316"/>
  <testcase classname="com.qa.drbest.ge.test.drbestErwachseneTest" name="verifyWiebekommeLink" time="16.099"/>
  <testcase classname="com.qa.drbest.ge.test.drbestErwachseneTest" name="verifyWiebekomme1Link" time="4.289"/>
  <testcase classname="com.qa.drbest.ge.test.drbestErwachseneTest" name="verifyZahnpflegeLink" time="4.421"/>
  <testcase classname="com.qa.drbest.ge.test.drbestErwachseneTest" name="verifyZahnpflege1Link" time="4.432"/>
  <testcase classname="com.qa.drbest.ge.test.drbestgreensensitiveTest" name="verifydrbestcookiePopupLink" time="40.854"/>
  <testcase classname="com.qa.drbest.ge.test.drbestgreensensitiveTest" name="verifyBuyNow1Link" time="5.384"/>
  <testcase classname="com.qa.drbest.ge.test.drbestgreensensitiveTest" name="verifyFurwenLink" time="8.898"/>
  <testcase classname="com.qa.drbest.ge.test.drbestgreensensitiveTest" name="verifyWieeffizientLink" time="9.115"/>
  <testcase classname="com.qa.drbest.ge.test.drbestgreensensitiveTest" name="verifyWiesetztLink" time="9.074"/>
  <testcase classname="com.qa.drbest.ge.test.drbestgreensensitiveTest" name="verifyWorinLink" time="8.841"/>
  <testcase classname="com.qa.drbest.ge.test.drbestgreensensitiveTest" name="verifyWiesoLink" time="9.022"/>
  <testcase classname="com.qa.drbest.ge.test.drbestgreensensitiveTest" name="verifyWarumLink" time="8.924"/>
  <testcase classname="com.qa.drbest.ge.test.drbestgreensensitiveTest" name="verifyWorausLink" time="8.894"/>
  <testcase classname="com.qa.drbest.ge.test.drbestgreensensitiveTest" name="verifyWowwirddieLink" time="8.932"/>
  <testcase classname="com.qa.drbest.ge.test.drbestgreensensitiveTest" name="verifyWasbedutetLink" time="9.071"/>
  <testcase classname="com.qa.drbest.ge.test.drbestgreensensitiveTest" name="verifyWasistderLink" time="9.088"/>
  <testcase classname="com.qa.drbest.ge.test.drbestgreensensitiveTest" name="verifyGreencleanLink" time="6.72"/>
  <testcase classname="com.qa.drbest.ge.test.drbestgreensensitiveTest" name="verifyGreencleanProductLink" time="5.153">
    <skipped/>
  </testcase> <!-- verifyGreencleanProductLink -->
  <testcase classname="com.qa.drbest.ge.test.drbestgreensensitiveTest" name="verifyGreencleanProductLink" time="4.913">
    <skipped/>
  </testcase> <!-- verifyGreencleanProductLink -->
  <testcase classname="com.qa.drbest.ge.test.drbestgreensensitiveTest" name="verifyGreencleanProductLink" time="5.014">
    <failure type="java.lang.AssertionError" message="expected [content/cf-consumer-healthcare/oral-drbest/master/home/zahnbuersten/green-clean.html%22] but found [zahnbuersten/green-clean/]">
      <![CDATA[java.lang.AssertionError: expected [content/cf-consumer-healthcare/oral-drbest/master/home/zahnbuersten/green-clean.html%22] but found [zahnbuersten/green-clean/]
at com.qa.baseClass.BaseClass.compareTwoText(BaseClass.java:814)
at com.qa.drbest.ge.test.drbestgreensensitiveTest.verifyGreencleanProductLink(drbestgreensensitiveTest.java:170)
at java.base/java.util.ArrayList.forEach(ArrayList.java:1511)
... Removed 31 stack frames]]>
    </failure>
  </testcase> <!-- verifyGreencleanProductLink -->
  <testcase classname="com.qa.drbest.ge.test.drbestgreensensitiveTest" name="verifyGreencleanBuyNowLink" time="5.744"/>
  <testcase classname="com.qa.drbest.ge.test.drbestgreensensitiveTest" name="verifyInterdentalbursyenLink" time="5.321"/>
  <testcase classname="com.qa.drbest.ge.test.drbestgreensensitiveTest" name="verifyInterdentalbursyenProductLink" time="5.133"/>
  <testcase classname="com.qa.drbest.ge.test.drbestgreensensitiveTest" name="verifyInterdentalbursyenBuyNowLink" time="6.762">
    <skipped/>
  </testcase> <!-- verifyInterdentalbursyenBuyNowLink -->
  <testcase classname="com.qa.drbest.ge.test.drbestgreensensitiveTest" name="verifyInterdentalbursyenBuyNowLink" time="5.915"/>
  <testcase classname="com.qa.drbest.ge.test.DrBestProfessionalPolimedKurzkopTest" name="cookieButton" time="40.793"/>
  <testcase classname="com.qa.drbest.ge.test.DrBestProfessionalPolimedKurzkopTest" name="verifyBuyNow1" time="4.904"/>
  <testcase classname="com.qa.drbest.ge.test.DrBestProfessionalPolimedKurzkopTest" name="verifyReviewLink" time="9.31"/>
  <testcase classname="com.qa.drbest.ge.test.DrBestProfessionalPolimedKurzkopTest" name="verifyDrBESTVibrationPolimedImage" time="4.377"/>
  <testcase classname="com.qa.drbest.ge.test.DrBestProfessionalPolimedKurzkopTest" name="verifyMehrErfahren1" time="6.073"/>
  <testcase classname="com.qa.drbest.ge.test.DrBestProfessionalPolimedKurzkopTest" name="verifyJetztKaufen1" time="4.991"/>
  <testcase classname="com.qa.drbest.ge.test.DrBestProfessionalPolimedKurzkopTest" name="verifyDrBESTVibrationMultiExpertImage" time="4.274"/>
  <testcase classname="com.qa.drbest.ge.test.DrBestProfessionalPolimedKurzkopTest" name="verifyMehrErfahren2" time="4.389"/>
  <testcase classname="com.qa.drbest.ge.test.DrBestProfessionalPolimedKurzkopTest" name="verifyJetztKaufen2" time="4.888"/>
  <testcase classname="com.qa.drbest.ge.test.drbestVibrationPolimedTest" name="verifydrbestcookiePopupLink" time="40.599"/>
  <testcase classname="com.qa.drbest.ge.test.drbestVibrationPolimedTest" name="verifyBuyNow1Link" time="20.127">
    <skipped/>
  </testcase> <!-- verifyBuyNow1Link -->
  <testcase classname="com.qa.drbest.ge.test.drbestVibrationPolimedTest" name="verifyBuyNow1Link" time="20.184">
    <skipped/>
  </testcase> <!-- verifyBuyNow1Link -->
  <testcase classname="com.qa.drbest.ge.test.drbestVibrationPolimedTest" name="verifyBuyNow1Link" time="20.133">
    <failure type="java.lang.Exception" message="Unable to click the element using JavaScript">
      <![CDATA[java.lang.Exception: Unable to click the element using JavaScript
at com.qa.baseClass.BaseClass.clickElementUsingJavaScript(BaseClass.java:435)
at com.qa.drbest.ge.pages.drbestVibrationPolimedPage.clickonBuyNow1(drbestVibrationPolimedPage.java:72)
at com.qa.drbest.ge.test.drbestVibrationPolimedTest.verifyBuyNow1Link(drbestVibrationPolimedTest.java:43)
at java.base/java.util.ArrayList.forEach(ArrayList.java:1511)
... Removed 25 stack frames]]>
    </failure>
  </testcase> <!-- verifyBuyNow1Link -->
  <testcase classname="com.qa.drbest.ge.test.drbestVibrationPolimedTest" name="verifyReviewLink" time="8.179"/>
  <testcase classname="com.qa.drbest.ge.test.drbestVibrationPolimedTest" name="verifyReview1Link" time="20.131">
    <skipped/>
  </testcase> <!-- verifyReview1Link -->
  <testcase classname="com.qa.drbest.ge.test.drbestVibrationPolimedTest" name="verifyReview1Link" time="20.085">
    <skipped/>
  </testcase> <!-- verifyReview1Link -->
  <testcase classname="com.qa.drbest.ge.test.drbestVibrationPolimedTest" name="verifyReview1Link" time="20.122">
    <failure type="java.lang.Exception" message="Unable to scroll down the page">
      <![CDATA[java.lang.Exception: Unable to scroll down the page
at com.qa.baseClass.BaseClass.scrollDownUsingElement(BaseClass.java:344)
at com.qa.drbest.ge.pages.drbestVibrationPolimedPage.clickonReview1(drbestVibrationPolimedPage.java:88)
at com.qa.drbest.ge.test.drbestVibrationPolimedTest.verifyReview1Link(drbestVibrationPolimedTest.java:63)
at java.base/java.util.ArrayList.forEach(ArrayList.java:1511)
... Removed 25 stack frames]]>
    </failure>
  </testcase> <!-- verifyReview1Link -->
  <testcase classname="com.qa.drbest.ge.test.drbestZahnbuerstenTest" name="verifydrbestcookiePopupLink" time="40.643"/>
  <testcase classname="com.qa.drbest.ge.test.drbestZahnbuerstenTest" name="verifyCheckbox1Link" time="4.46"/>
  <testcase classname="com.qa.drbest.ge.test.drbestZahnbuerstenTest" name="verifyCheckbox2Link" time="4.399"/>
  <testcase classname="com.qa.drbest.ge.test.drbestZahnbuerstenTest" name="verifyCheckbox3Link" time="4.36"/>
  <testcase classname="com.qa.drbest.ge.test.drbestZahnbuerstenTest" name="verifyCheckbox4Link" time="4.449"/>
  <testcase classname="com.qa.drbest.ge.test.drbestZahnbuerstenTest" name="verifyCheckbox5Link" time="4.361"/>
  <testcase classname="com.qa.drbest.ge.test.drbestZahnbuerstenTest" name="verifyCheckbox6Link" time="4.387"/>
  <testcase classname="com.qa.drbest.ge.test.drbestZahnbuerstenTest" name="verifyCheckbox7Link" time="4.379"/>
  <testcase classname="com.qa.drbest.ge.test.drbestZahnbuerstenTest" name="verifyCheckbox8Link" time="4.374"/>
  <testcase classname="com.qa.drbest.ge.test.drbestZahnbuerstenTest" name="verifyCheckbox9Link" time="4.367"/>
  <testcase classname="com.qa.drbest.ge.test.drbestZahnbuerstenTest" name="verifyCheckbox10Link" time="4.375"/>
  <testcase classname="com.qa.drbest.ge.test.drbestZahnbuerstenTest" name="verifyCheckbox11Link" time="4.399"/>
  <testcase classname="com.qa.drbest.ge.test.drbestZahnbuerstenTest" name="verifyCheckbox12Link" time="4.426"/>
  <testcase classname="com.qa.drbest.ge.test.drbestBambusInterdentkidsTest" name="verifydrbestcookiePopupLink" time="41.0"/>
  <testcase classname="com.qa.drbest.ge.test.drbestBambusInterdentkidsTest" name="verifyBuyNow1Link" time="5.03"/>
  <testcase classname="com.qa.drbest.ge.test.drbestBambusInterdentkidsTest" name="verifyReviewLink" time="8.399"/>
  <testcase classname="com.qa.drbest.ge.test.drbestBambusInterdentkidsTest" name="verifyReview1Link" time="9.355"/>
  <testcase classname="com.qa.drbest.ge.test.drbestBambusInterdentkidsTest" name="verifyWasunterscheidietLink" time="8.801"/>
  <testcase classname="com.qa.drbest.ge.test.drbestBambusInterdentkidsTest" name="verifyWarumLink" time="8.814"/>
  <testcase classname="com.qa.drbest.ge.test.drbestBambusInterdentkidsTest" name="verifyWietragtLink" time="8.83"/>
  <testcase classname="com.qa.drbest.ge.test.drbestBambusInterdentkidsTest" name="verifyWasunternimmtLink" time="8.785"/>
  <testcase classname="com.qa.drbest.ge.test.drbestBambusInterdentkidsTest" name="verifyWoherstammtLink" time="8.787"/>
  <testcase classname="com.qa.drbest.ge.test.drbestBambusInterdentkidsTest" name="verifyWiestelltLink" time="8.843"/>
  <testcase classname="com.qa.drbest.ge.test.drbestBambusInterdentkidsTest" name="verifyFordertLink" time="8.8"/>
  <testcase classname="com.qa.drbest.ge.test.drbestBambusInterdentkidsTest" name="verifywiekannLink" time="8.787"/>
  <testcase classname="com.qa.drbest.ge.test.drbestBambusInterdentkidsTest" name="verifyWorausbestehtLink" time="8.76"/>
  <testcase classname="com.qa.drbest.ge.test.drbestBambusInterdentkidsTest" name="verifyWassmussLink" time="8.7"/>
  <testcase classname="com.qa.drbest.ge.test.drbestbeifestenZahnspangenTest" name="verifydrbestcookiePopupLink" time="40.698"/>
  <testcase classname="com.qa.drbest.ge.test.drbestbeifestenZahnspangenTest" name="verifyPolimedKurzkopfLink" time="4.74"/>
  <testcase classname="com.qa.drbest.ge.test.drbestbeifestenZahnspangenTest" name="verifyPolimedKurzkopfProductLink" time="4.44"/>
  <testcase classname="com.qa.drbest.ge.test.drbestbeifestenZahnspangenTest" name="verifyPolimedKurzkopfBuyNowLink" time="4.865"/>
  <testcase classname="com.qa.drbest.ge.test.drbestbeifestenZahnspangenTest" name="verifyMultiExpertProductLink" time="4.484"/>
  <testcase classname="com.qa.drbest.ge.test.drbestbeifestenZahnspangenTest" name="verifyMultiExpertBuyNowLink" time="4.875"/>
  <testcase classname="com.qa.drbest.ge.test.drbestbeifestenZahnspangenTest" name="verifyCoolkidsLink" time="5.906"/>
  <testcase classname="com.qa.drbest.ge.test.drbestbeifestenZahnspangenTest" name="verifyCoolkidsProductLink" time="4.381"/>
  <testcase classname="com.qa.drbest.ge.test.drbestbeifestenZahnspangenTest" name="verifyCoolkidsBuyNowLink" time="4.843"/>
  <testcase classname="com.qa.drbest.ge.test.drbestbeifestenZahnspangenTest" name="verifyArticle1Link" time="4.294"/>
  <testcase classname="com.qa.drbest.ge.test.drbestbeifestenZahnspangenTest" name="verifyRelatedLink1Link" time="4.363"/>
  <testcase classname="com.qa.drbest.ge.test.drbestbeifestenZahnspangenTest" name="verifyArticle2Link" time="4.337"/>
  <testcase classname="com.qa.drbest.ge.test.drbestbeifestenZahnspangenTest" name="verifyLink2Link" time="4.346"/>
  <testcase classname="com.qa.drbest.ge.test.drbestbeifestenZahnspangenTest" name="verifyArticle3Link" time="6.022"/>
  <testcase classname="com.qa.drbest.ge.test.drbestbeifestenZahnspangenTest" name="verifyLink3Link" time="4.346"/>
  <testcase classname="com.qa.drbest.ge.test.DrBestBiokunststoffTest" name="verifyCookie" time="1.305"/>
  <testcase classname="com.qa.drbest.ge.test.DrBestBiokunststoffTest" name="verifyLinkOne" time="4.351"/>
  <testcase classname="com.qa.drbest.ge.test.DrBestBiokunststoffTest" name="verifyInterdentKidsImg" time="9.015"/>
  <testcase classname="com.qa.drbest.ge.test.DrBestBiokunststoffTest" name="verifyInterdentImg" time="5.136"/>
  <testcase classname="com.qa.drbest.ge.test.DrBestBiokunststoffTest" name="verifyGreenCleanImg" time="6.518"/>
  <testcase classname="com.qa.drbest.ge.test.DrBestBiokunststoffTest" name="verifyInterdentalburstenImg" time="6.198"/>
  <testcase classname="com.qa.drbest.ge.test.DrBestBiokunststoffTest" name="verifyInterdentKidsButton" time="5.03"/>
  <testcase classname="com.qa.drbest.ge.test.DrBestBiokunststoffTest" name="verifyInterdentButton" time="5.739"/>
  <testcase classname="com.qa.drbest.ge.test.DrBestBiokunststoffTest" name="verifyGreenCleanButton" time="22.483">
    <skipped/>
  </testcase> <!-- verifyGreenCleanButton -->
  <testcase classname="com.qa.drbest.ge.test.DrBestBiokunststoffTest" name="verifyGreenCleanButton" time="22.362">
    <skipped/>
  </testcase> <!-- verifyGreenCleanButton -->
  <testcase classname="com.qa.drbest.ge.test.DrBestBiokunststoffTest" name="verifyGreenCleanButton" time="22.513">
    <failure type="java.lang.Exception" message="Unable to scroll down the page">
      <![CDATA[java.lang.Exception: Unable to scroll down the page
at com.qa.baseClass.BaseClass.scrollDownUsingElement(BaseClass.java:344)
at com.qa.drbest.ge.pages.DrBestBiokunststoffPage.clickGreenCleanButton(DrBestBiokunststoffPage.java:137)
at com.qa.drbest.ge.test.DrBestBiokunststoffTest.verifyGreenCleanButton(DrBestBiokunststoffTest.java:133)
at java.base/java.util.ArrayList.forEach(ArrayList.java:1511)
... Removed 25 stack frames]]>
    </failure>
  </testcase> <!-- verifyGreenCleanButton -->
  <testcase classname="com.qa.drbest.ge.test.DrBestBiokunststoffTest" name="verifyInterdentalburstenButton" time="4.369"/>
  <testcase classname="com.qa.drbest.ge.test.drbestPremiumxzZwischenzahnTest" name="verifydrbestcookiePopupLink" time="40.631"/>
  <testcase classname="com.qa.drbest.ge.test.drbestPremiumxzZwischenzahnTest" name="verifyBuyNow1Link" time="4.436"/>
  <testcase classname="com.qa.drbest.ge.test.drbestPremiumxzZwischenzahnTest" name="verifyReviewLink" time="7.69"/>
  <testcase classname="com.qa.drbest.ge.test.drbestPremiumxzZwischenzahnTest" name="verifyReview1Link" time="8.975"/>
  <testcase classname="com.qa.drbest.ge.test.drbestPremiumxzZwischenzahnTest" name="verifyAtemfrischLink" time="5.871"/>
  <testcase classname="com.qa.drbest.ge.test.drbestPremiumxzZwischenzahnTest" name="verifyAtemfrischProductLink" time="4.289"/>
  <testcase classname="com.qa.drbest.ge.test.drbestPremiumxzZwischenzahnTest" name="verifyAtemfrischBuyNowLink" time="7.717">
    <skipped/>
  </testcase> <!-- verifyAtemfrischBuyNowLink -->
  <testcase classname="com.qa.drbest.ge.test.drbestPremiumxzZwischenzahnTest" name="verifyAtemfrischBuyNowLink" time="5.646"/>
  <testcase classname="com.qa.drbest.ge.test.drbestPremiumxzZwischenzahnTest" name="verifyVibrationAtemfrischLink" time="4.855"/>
  <testcase classname="com.qa.drbest.ge.test.drbestPremiumxzZwischenzahnTest" name="verifyVibrationAtemfrischProductLink" time="4.61"/>
  <testcase classname="com.qa.drbest.ge.test.drbestPremiumxzZwischenzahnTest" name="verifyVibrationAtemfrischBuyNowLink" time="4.927">
    <skipped/>
  </testcase> <!-- verifyVibrationAtemfrischBuyNowLink -->
  <testcase classname="com.qa.drbest.ge.test.drbestPremiumxzZwischenzahnTest" name="verifyVibrationAtemfrischBuyNowLink" time="5.499"/>
  <testcase classname="com.qa.drbest.ge.test.drbestClassicSchwingkopfTest" name="verifydrbestcookiePopupLink" time="40.733"/>
  <testcase classname="com.qa.drbest.ge.test.drbestClassicSchwingkopfTest" name="verifyBuyNow1Link" time="4.501"/>
  <testcase classname="com.qa.drbest.ge.test.drbestClassicSchwingkopfTest" name="verifyReviewLink" time="8.444"/>
  <testcase classname="com.qa.drbest.ge.test.drbestClassicSchwingkopfTest" name="verifyReview1Link" time="9.817"/>
  <testcase classname="com.qa.drbest.ge.test.drbestClassicSchwingkopfTest" name="verifypolimedLink" time="5.426"/>
  <testcase classname="com.qa.drbest.ge.test.drbestClassicSchwingkopfTest" name="verifypolimedproductLink" time="5.112"/>
  <testcase classname="com.qa.drbest.ge.test.drbestClassicSchwingkopfTest" name="verifypolimedBuyNowLink" time="1.035"/>
  <testcase classname="com.qa.drbest.ge.test.drbestClassicSchwingkopfTest" name="verifyVibrationpolimedLink" time="5.588"/>
  <testcase classname="com.qa.drbest.ge.test.drbestClassicSchwingkopfTest" name="verifyVibrationpolimedProductLink" time="5.149"/>
  <testcase classname="com.qa.drbest.ge.test.drbestClassicSchwingkopfTest" name="verifyVibrationpolimedBuyNowLink" time="4.936"/>
  <testcase classname="com.qa.drbest.ge.test.drbestBambusInterdentTest" name="verifydrbestcookiePopupLink" time="41.849"/>
  <testcase classname="com.qa.drbest.ge.test.drbestBambusInterdentTest" name="verifyBuyNow1Link" time="5.528"/>
  <testcase classname="com.qa.drbest.ge.test.drbestBambusInterdentTest" name="verifyReviewLink" time="9.033"/>
  <testcase classname="com.qa.drbest.ge.test.drbestBambusInterdentTest" name="verifyBambusInterdentLink" time="8.993"/>
  <testcase classname="com.qa.drbest.ge.test.drbestBambusInterdentTest" name="verifyWarumgibtLink" time="8.912"/>
  <testcase classname="com.qa.drbest.ge.test.drbestBambusInterdentTest" name="verifyWietragtLink" time="9.009"/>
  <testcase classname="com.qa.drbest.ge.test.drbestBambusInterdentTest" name="verifyWasuntermmitLink" time="9.011"/>
  <testcase classname="com.qa.drbest.ge.test.drbestBambusInterdentTest" name="verifyWoherstammtLink" time="9.219"/>
  <testcase classname="com.qa.drbest.ge.test.drbestBambusInterdentTest" name="verifyWiestelltLink" time="8.937"/>
  <testcase classname="com.qa.drbest.ge.test.drbestBambusInterdentTest" name="verifyFordertLink" time="8.924"/>
  <testcase classname="com.qa.drbest.ge.test.drbestBambusInterdentTest" name="verifyWiekannLink" time="8.979"/>
  <testcase classname="com.qa.drbest.ge.test.drbestBambusInterdentTest" name="verifyWorausLink" time="8.886"/>
  <testcase classname="com.qa.drbest.ge.test.drbestBambusInterdentTest" name="verifyWassMussLink" time="8.828"/>
  <testcase classname="com.qa.drbest.ge.test.drbestBambusInterdentTest" name="verifyWarumhatLink" time="8.88"/>
  <testcase classname="com.qa.drbest.ge.test.drbestVibrationJuniorzahnTest" name="verifydrbestcookiePopupLink" time="40.798"/>
  <testcase classname="com.qa.drbest.ge.test.drbestVibrationJuniorzahnTest" name="verifyBuyNow1Link" time="5.187"/>
  <testcase classname="com.qa.drbest.ge.test.drbestVibrationJuniorzahnTest" name="verifyReviewLink" time="8.315"/>
  <testcase classname="com.qa.drbest.ge.test.drbestVibrationJuniorzahnTest" name="verifyReview1Link" time="9.169"/>
  <testcase classname="com.qa.drbest.ge.test.drbestVibrationJuniorzahnTest" name="verifyMilichzahnLink" time="5.018"/>
  <testcase classname="com.qa.drbest.ge.test.drbestVibrationJuniorzahnTest" name="verifyMilichzahnProductLink" time="4.488"/>
  <testcase classname="com.qa.drbest.ge.test.drbestVibrationJuniorzahnTest" name="verifyMilichzahnBuyNowLink" time="5.071"/>
  <testcase classname="com.qa.drbest.ge.test.drbestVibrationJuniorzahnTest" name="verifyPawPatrolLink" time="5.078"/>
  <testcase classname="com.qa.drbest.ge.test.drbestVibrationJuniorzahnTest" name="verifyPawPatrolProductLink" time="4.337"/>
  <testcase classname="com.qa.drbest.ge.test.drbestVibrationJuniorzahnTest" name="verifyPawPatrolBuyNowLink" time="4.931"/>
  <testcase classname="com.qa.drbest.ge.test.drbestVibrationJuniorzahnTest" name="verifyCoolkidsLink" time="5.011"/>
  <testcase classname="com.qa.drbest.ge.test.drbestVibrationJuniorzahnTest" name="verifyCoolkidsProductLink" time="4.442"/>
  <testcase classname="com.qa.drbest.ge.test.drbestVibrationJuniorzahnTest" name="verifyCoolkidsBuyNowLink" time="4.917"/>
  <testcase classname="com.qa.drbest.ge.test.drbestHomepageTest" name="verifydrbestcookiePopupLink" time="41.047"/>
  <testcase classname="com.qa.drbest.ge.test.drbestHomepageTest" name="verifyCarouselOneLink" time="4.461"/>
  <testcase classname="com.qa.drbest.ge.test.drbestHomepageTest" name="verifyCarouselTwoLink" time="4.57"/>
  <testcase classname="com.qa.drbest.ge.test.drbestHomepageTest" name="verifyCarouselThreeLink" time="5.11"/>
  <testcase classname="com.qa.drbest.ge.test.drbestHomepageTest" name="verifyCarouselFourLink" time="4.611"/>
  <testcase classname="com.qa.drbest.ge.test.drbestHomepageTest" name="verifyQuiz1Link" time="8.603"/>
  <testcase classname="com.qa.drbest.ge.test.drbestHomepageTest" name="verifyQuiz2Link" time="8.48"/>
  <testcase classname="com.qa.drbest.ge.test.drbestHomepageTest" name="verifyQuiz3Link" time="6.474"/>
  <testcase classname="com.qa.drbest.ge.test.drbestHomepageTest" name="verifyQuiz4Link" time="6.533"/>
  <testcase classname="com.qa.drbest.ge.test.drbestHomepageTest" name="verifyQuiz5Link" time="6.503"/>
  <testcase classname="com.qa.drbest.ge.test.drbestHomepageTest" name="verifyQuiz6Link" time="4.428"/>
  <testcase classname="com.qa.drbest.ge.test.drbestHomepageTest" name="verifyQuiz7Link" time="6.601"/>
  <testcase classname="com.qa.drbest.ge.test.drbestHomepageTest" name="verifyQuiz8Link" time="6.504"/>
  <testcase classname="com.qa.drbest.ge.test.DrBestPlastikfreiTest" name="verifyCookie" time="2.321"/>
  <testcase classname="com.qa.drbest.ge.test.DrBestPlastikfreiTest" name="verifyInterdentKidsImg" time="10.714"/>
  <testcase classname="com.qa.drbest.ge.test.DrBestPlastikfreiTest" name="verifyInterdentImg" time="7.675"/>
  <testcase classname="com.qa.drbest.ge.test.DrBestPlastikfreiTest" name="verifyGreenCleanImg" time="7.392"/>
  <testcase classname="com.qa.drbest.ge.test.DrBestPlastikfreiTest" name="verifyInterdentalburstenImg" time="6.094"/>
  <testcase classname="com.qa.drbest.ge.test.DrBestPlastikfreiTest" name="verifyInterdentKidsButton" time="5.365"/>
  <testcase classname="com.qa.drbest.ge.test.DrBestPlastikfreiTest" name="verifyInterdentButton" time="5.43"/>
  <testcase classname="com.qa.drbest.ge.test.DrBestPlastikfreiTest" name="verifyGreenCleanButton" time="5.137">
    <skipped/>
  </testcase> <!-- verifyGreenCleanButton -->
  <testcase classname="com.qa.drbest.ge.test.DrBestPlastikfreiTest" name="verifyGreenCleanButton" time="5.353">
    <skipped/>
  </testcase> <!-- verifyGreenCleanButton -->
  <testcase classname="com.qa.drbest.ge.test.DrBestPlastikfreiTest" name="verifyGreenCleanButton" time="5.037">
    <failure type="java.lang.AssertionError" message="expected [content/cf-consumer-healthcare/oral-drbest/master/home/zahnbuersten/green-clean.html%22] but found [zahnbuersten/green-clean/]">
      <![CDATA[java.lang.AssertionError: expected [content/cf-consumer-healthcare/oral-drbest/master/home/zahnbuersten/green-clean.html%22] but found [zahnbuersten/green-clean/]
at com.qa.baseClass.BaseClass.compareTwoText(BaseClass.java:814)
at com.qa.drbest.ge.test.DrBestPlastikfreiTest.verifyGreenCleanButton(DrBestPlastikfreiTest.java:121)
at java.base/java.util.ArrayList.forEach(ArrayList.java:1511)
... Removed 31 stack frames]]>
    </failure>
  </testcase> <!-- verifyGreenCleanButton -->
  <testcase classname="com.qa.drbest.ge.test.DrBestPlastikfreiTest" name="verifyInterdentalburstenButton" time="5.133"/>
  <testcase classname="com.qa.drbest.ge.test.drbestClassichochtiefTest" name="verifydrbestcookiePopupLink" time="40.649"/>
  <testcase classname="com.qa.drbest.ge.test.drbestClassichochtiefTest" name="verifyBuyNow1Link" time="4.55"/>
  <testcase classname="com.qa.drbest.ge.test.drbestClassichochtiefTest" name="verifyReviewLink" time="7.893"/>
  <testcase classname="com.qa.drbest.ge.test.drbestClassichochtiefTest" name="verifyReview1Link" time="9.045"/>
  <testcase classname="com.qa.drbest.ge.test.drbestClassichochtiefTest" name="verifyInterdentAktivLink" time="4.469"/>
  <testcase classname="com.qa.drbest.ge.test.drbestClassichochtiefTest" name="verifyInterdentAktivProductLink" time="4.442"/>
  <testcase classname="com.qa.drbest.ge.test.drbestClassichochtiefTest" name="verifyInterdentAktivBuyNowLink" time="6.72">
    <skipped/>
  </testcase> <!-- verifyInterdentAktivBuyNowLink -->
  <testcase classname="com.qa.drbest.ge.test.drbestClassichochtiefTest" name="verifyInterdentAktivBuyNowLink" time="8.344"/>
  <testcase classname="com.qa.drbest.ge.test.drbestClassichochtiefTest" name="verifyBESTXZwischenzahnLink" time="4.619"/>
  <testcase classname="com.qa.drbest.ge.test.drbestClassichochtiefTest" name="verifyBESTXZwischenzahnProductLink" time="4.633"/>
  <testcase classname="com.qa.drbest.ge.test.drbestClassichochtiefTest" name="verifyBESTXZwischenzahnBuYnowLink" time="4.949">
    <skipped/>
  </testcase> <!-- verifyBESTXZwischenzahnBuYnowLink -->
  <testcase classname="com.qa.drbest.ge.test.drbestClassichochtiefTest" name="verifyBESTXZwischenzahnBuYnowLink" time="5.049"/>
  <testcase classname="com.qa.drbest.ge.test.drbestClassichochtiefTest" name="verifyVibrationAstemfrischLink" time="4.796"/>
  <testcase classname="com.qa.drbest.ge.test.drbestClassichochtiefTest" name="verifyVibrationAstemfrischProductLink" time="4.539"/>
  <testcase classname="com.qa.drbest.ge.test.drbestClassichochtiefTest" name="verifyVibrationAstemfrischBuyNowLink" time="4.985"/>
  <testcase classname="com.qa.drbest.ge.test.drbestBeizahnersatzTest" name="verifydrbestcookiePopupLink" time="40.49"/>
  <testcase classname="com.qa.drbest.ge.test.drbestBeizahnersatzTest" name="verifyXZwischzahnLink" time="4.586"/>
  <testcase classname="com.qa.drbest.ge.test.drbestBeizahnersatzTest" name="verifyXZwischzahnProductLink" time="4.405"/>
  <testcase classname="com.qa.drbest.ge.test.drbestBeizahnersatzTest" name="verifyXZwischzahnBuyNowLink" time="5.073"/>
  <testcase classname="com.qa.drbest.ge.test.drbestBeizahnersatzTest" name="verifyVibrationMultiExpertLink" time="8.274"/>
  <testcase classname="com.qa.drbest.ge.test.drbestBeizahnersatzTest" name="verifyVibrationMultiExpertProductLink" time="5.148"/>
  <testcase classname="com.qa.drbest.ge.test.drbestBeizahnersatzTest" name="verifyVibrationMultiExpertBuyNowLink" time="4.986"/>
  <testcase classname="com.qa.drbest.ge.test.drbestBeizahnersatzTest" name="verifyQuiz1Link" time="8.578"/>
  <testcase classname="com.qa.drbest.ge.test.drbestBeizahnersatzTest" name="verifyQuiz2Link" time="8.638"/>
  <testcase classname="com.qa.drbest.ge.test.drbestBeizahnersatzTest" name="verifyQuiz3Link" time="6.595"/>
  <testcase classname="com.qa.drbest.ge.test.drbestBeizahnersatzTest" name="verifyQuiz4Link" time="6.623"/>
  <testcase classname="com.qa.drbest.ge.test.drbestBeizahnersatzTest" name="verifyQuiz5Link" time="6.665"/>
  <testcase classname="com.qa.drbest.ge.test.drbestBeizahnersatzTest" name="verifyQuiz6Link" time="4.796"/>
  <testcase classname="com.qa.drbest.ge.test.drbestBeizahnersatzTest" name="verifyQuiz7Link" time="6.686"/>
  <testcase classname="com.qa.drbest.ge.test.drbestBeizahnersatzTest" name="verifyQuiz8Link" time="6.699"/>
  <testcase classname="com.qa.drbest.ge.test.drbestBeizahnersatzTest" name="verifyArticle1Link" time="4.626"/>
  <testcase classname="com.qa.drbest.ge.test.drbestBeizahnersatzTest" name="verifyRelatedLink1Link" time="4.493"/>
  <testcase classname="com.qa.drbest.ge.test.drbestBeizahnersatzTest" name="verifyArticle2Link" time="4.693"/>
  <testcase classname="com.qa.drbest.ge.test.drbestBeizahnersatzTest" name="verifyLink2Link" time="4.561"/>
  <testcase classname="com.qa.drbest.ge.test.drbestBeizahnersatzTest" name="verifyArticle3Link" time="4.757"/>
  <testcase classname="com.qa.drbest.ge.test.drbestBeizahnersatzTest" name="verifyRelatedLink3Link" time="4.566"/>
  <testcase classname="com.qa.drbest.ge.test.DrBestBambusTest" name="verifyCookie" time="2.257"/>
  <testcase classname="com.qa.drbest.ge.test.DrBestBambusTest" name="verifyInterdentKidsImg" time="7.124"/>
  <testcase classname="com.qa.drbest.ge.test.DrBestBambusTest" name="verifyInterdentImg" time="9.142"/>
  <testcase classname="com.qa.drbest.ge.test.DrBestBambusTest" name="verifyInterdentKidsButton" time="6.177"/>
  <testcase classname="com.qa.drbest.ge.test.DrBestBambusTest" name="verifyInterdentButton" time="5.648"/>
  <testcase classname="com.qa.drbest.ge.test.drbestInterdentAktivTest" name="verifydrbestcookiePopupLink" time="40.753"/>
  <testcase classname="com.qa.drbest.ge.test.drbestInterdentAktivTest" name="verifyBuyNow1Link" time="4.526"/>
  <testcase classname="com.qa.drbest.ge.test.drbestInterdentAktivTest" name="verifyReviewLink" time="7.713"/>
  <testcase classname="com.qa.drbest.ge.test.drbestInterdentAktivTest" name="verifyReview1Link" time="9.147"/>
  <testcase classname="com.qa.drbest.ge.test.drbestInterdentAktivTest" name="verifyAtemfrischLink" time="4.67"/>
  <testcase classname="com.qa.drbest.ge.test.drbestInterdentAktivTest" name="verifyAtemfrischProductLink" time="4.392"/>
  <testcase classname="com.qa.drbest.ge.test.drbestInterdentAktivTest" name="verifyAtemfrischBuyNowLink" time="5.171"/>
  <testcase classname="com.qa.drbest.ge.test.drbestInterdentAktivTest" name="verifyAtemfrischVibrationLink" time="4.479"/>
  <testcase classname="com.qa.drbest.ge.test.drbestInterdentAktivTest" name="verifyAtemfrischVibrationProductLink" time="4.509"/>
  <testcase classname="com.qa.drbest.ge.test.drbestInterdentAktivTest" name="verifyAtemfrischVibrationBuyNowLink" time="4.934"/>
  <testcase classname="com.qa.drbest.ge.test.drbestMundgeruchTest" name="verifydrbestcookiePopupLink" time="40.609"/>
  <testcase classname="com.qa.drbest.ge.test.drbestMundgeruchTest" name="verifyOption1Link" time="4.323"/>
  <testcase classname="com.qa.drbest.ge.test.drbestMundgeruchTest" name="verifyOption2Link" time="4.464"/>
  <testcase classname="com.qa.drbest.ge.test.drbestMundgeruchTest" name="verifyOption3Link" time="4.284"/>
  <testcase classname="com.qa.drbest.ge.test.drbestMundgeruchTest" name="verifyAtemfrischLink" time="7.424"/>
  <testcase classname="com.qa.drbest.ge.test.drbestMundgeruchTest" name="verifyAtemfrischProductLink" time="4.362"/>
  <testcase classname="com.qa.drbest.ge.test.drbestMundgeruchTest" name="verifyAtemfrischBuyNowLink" time="5.034"/>
  <testcase classname="com.qa.drbest.ge.test.drbestMundgeruchTest" name="verifyVibrationAtemfrischLink" time="4.585"/>
  <testcase classname="com.qa.drbest.ge.test.drbestMundgeruchTest" name="verifyVibrationAtemfrischProductLink" time="4.991"/>
  <testcase classname="com.qa.drbest.ge.test.drbestMundgeruchTest" name="verifyVibrationAtemfrischBuyNowLink" time="5.096"/>
  <testcase classname="com.qa.drbest.ge.test.drbestMundgeruchTest" name="verifyQuiz1Link" time="8.465"/>
  <testcase classname="com.qa.drbest.ge.test.drbestMundgeruchTest" name="verifyQuiz2Link" time="8.565"/>
  <testcase classname="com.qa.drbest.ge.test.drbestMundgeruchTest" name="verifyQuiz3Link" time="6.534"/>
  <testcase classname="com.qa.drbest.ge.test.drbestMundgeruchTest" name="verifyQuiz4Link" time="6.553"/>
  <testcase classname="com.qa.drbest.ge.test.drbestMundgeruchTest" name="verifyQuiz5Link" time="6.562"/>
  <testcase classname="com.qa.drbest.ge.test.drbestMundgeruchTest" name="verifyQuiz6Link" time="4.516"/>
  <testcase classname="com.qa.drbest.ge.test.drbestMundgeruchTest" name="verifyQuiz7Link" time="6.742"/>
  <testcase classname="com.qa.drbest.ge.test.drbestMundgeruchTest" name="verifyQuiz8Link" time="6.61"/>
  <testcase classname="com.qa.drbest.ge.test.drbestMundgeruchTest" name="verifyParodontitisLink" time="4.502"/>
  <testcase classname="com.qa.drbest.ge.test.drbestMundgeruchTest" name="verifyParodontitis1Link" time="4.381"/>
  <testcase classname="com.qa.drbest.ge.test.drbestMundgeruchTest" name="verifyGesundeLink" time="4.409"/>
  <testcase classname="com.qa.drbest.ge.test.drbestMundgeruchTest" name="verifyGesunde1Link" time="4.453"/>
  <testcase classname="com.qa.drbest.ge.test.drbestMundgeruchTest" name="verifyZurGesundeLink" time="4.654"/>
  <testcase classname="com.qa.drbest.ge.test.drbestMundgeruchTest" name="verifyZurGesunde1Link" time="4.599"/>
  <testcase classname="com.qa.drbest.ge.test.drbestzahnputztechnikkinderTest" name="verifydrbestcookiePopupLink" time="40.711"/>
  <testcase classname="com.qa.drbest.ge.test.drbestzahnputztechnikkinderTest" name="verifyKindesLink" time="4.351"/>
  <testcase classname="com.qa.drbest.ge.test.drbestzahnputztechnikkinderTest" name="verifyErsteZahneLink" time="4.345"/>
  <testcase classname="com.qa.drbest.ge.test.drbestzahnputztechnikkinderTest" name="verifyErsteZahneProductLink" time="5.135"/>
  <testcase classname="com.qa.drbest.ge.test.drbestzahnputztechnikkinderTest" name="verifyErsteZahneBuyNowLink" time="4.865"/>
  <testcase classname="com.qa.drbest.ge.test.drbestzahnputztechnikkinderTest" name="verifyBuyNowLink" time="40.557"/>
  <testcase classname="com.qa.drbest.ge.test.drbestzahnputztechnikkinderTest" name="verifyMilchzahnLink" time="4.526"/>
  <testcase classname="com.qa.drbest.ge.test.drbestzahnputztechnikkinderTest" name="verifyMilchzahnProductLink" time="4.392"/>
  <testcase classname="com.qa.drbest.ge.test.drbestzahnputztechnikkinderTest" name="verifyMilchzahnBuyNowLink" time="44.851"/>
  <testcase classname="com.qa.drbest.ge.test.drbestzahnputztechnikkinderTest" name="verifyArticle1Link" time="4.372"/>
  <testcase classname="com.qa.drbest.ge.test.drbestzahnputztechnikkinderTest" name="verifyRelatedLink1Link" time="4.28"/>
  <testcase classname="com.qa.drbest.ge.test.drbestzahnputztechnikkinderTest" name="verifyArticle2Link" time="4.32"/>
  <testcase classname="com.qa.drbest.ge.test.drbestzahnputztechnikkinderTest" name="verifyRelatedLink2Link" time="4.325"/>
  <testcase classname="com.qa.drbest.ge.test.drbestzahnputztechnikkinderTest" name="verifyArticle3Link" time="6.41"/>
  <testcase classname="com.qa.drbest.ge.test.drbestzahnputztechnikkinderTest" name="verifyRelatedlink33Link" time="4.457"/>
  <testcase classname="com.qa.drbest.ge.test.drbestKinderZahnentwicklungTest" name="verifydrbestcookiePopupLink" time="40.734"/>
  <testcase classname="com.qa.drbest.ge.test.drbestKinderZahnentwicklungTest" name="verifySliderText1Link" time="4.367"/>
  <testcase classname="com.qa.drbest.ge.test.drbestKinderZahnentwicklungTest" name="verifyTextClick1Link" time="4.608"/>
  <testcase classname="com.qa.drbest.ge.test.drbestKinderZahnentwicklungTest" name="verifySliderText3Link" time="4.358"/>
  <testcase classname="com.qa.drbest.ge.test.drbestKinderZahnentwicklungTest" name="verifyErsteZahneLink" time="9.274"/>
  <testcase classname="com.qa.drbest.ge.test.drbestKinderZahnentwicklungTest" name="verifyErsteZahneProductLink" time="4.433"/>
  <testcase classname="com.qa.drbest.ge.test.drbestKinderZahnentwicklungTest" name="verifyErsteZahneBuyNowLink" time="5.035"/>
  <testcase classname="com.qa.drbest.ge.test.drbestKinderZahnentwicklungTest" name="verifyMilchzahnLink" time="6.218"/>
  <testcase classname="com.qa.drbest.ge.test.drbestKinderZahnentwicklungTest" name="verifyMilchzahnProductLink" time="4.634"/>
  <testcase classname="com.qa.drbest.ge.test.drbestKinderZahnentwicklungTest" name="verifyMilchzahnBuYNowLink" time="4.909"/>
  <testcase classname="com.qa.drbest.ge.test.drbestKinderZahnentwicklungTest" name="verifyJuniorZahnLink" time="4.784"/>
  <testcase classname="com.qa.drbest.ge.test.drbestKinderZahnentwicklungTest" name="verifyJuniorZahnProductLink" time="4.605"/>
  <testcase classname="com.qa.drbest.ge.test.drbestKinderZahnentwicklungTest" name="verifyJuniorZahnBuyNowLink" time="5.001"/>
  <testcase classname="com.qa.drbest.ge.test.drbestKinderZahnentwicklungTest" name="verifyVibrationJuniorZahnLink" time="8.937"/>
  <testcase classname="com.qa.drbest.ge.test.drbestKinderZahnentwicklungTest" name="verifyVibrationJuniorZahnProductLink" time="6.177"/>
  <testcase classname="com.qa.drbest.ge.test.drbestKinderZahnentwicklungTest" name="verifyVibrationJuniorZahnBuyNowLink" time="4.979"/>
  <testcase classname="com.qa.drbest.ge.test.drbestKinderZahnentwicklungTest" name="verifyCoolkidsLink" time="6.049"/>
  <testcase classname="com.qa.drbest.ge.test.drbestKinderZahnentwicklungTest" name="verifyCoolkidsProductLink" time="4.77"/>
  <testcase classname="com.qa.drbest.ge.test.drbestKinderZahnentwicklungTest" name="verifyCoolkidsBuyNowLink" time="4.959"/>
  <testcase classname="com.qa.drbest.ge.test.drbestKinderZahnentwicklungTest" name="verifyZurWebsiteLink" time="4.994">
    <skipped/>
  </testcase> <!-- verifyZurWebsiteLink -->
  <testcase classname="com.qa.drbest.ge.test.drbestKinderZahnentwicklungTest" name="verifyZurWebsiteLink" time="4.763">
    <skipped/>
  </testcase> <!-- verifyZurWebsiteLink -->
  <testcase classname="com.qa.drbest.ge.test.drbestKinderZahnentwicklungTest" name="verifyZurWebsiteLink" time="4.838">
    <failure type="java.lang.AssertionError" message="expected [https://www.dr-best.de/zahnpflege/kinderzahnentwicklung/] but found [https://haleonstaging1:Health2023@dr-best-de.preprod-cf65.ch.adobecqms.net/zahnpflege/kinderzahnentwicklung/]">
      <![CDATA[java.lang.AssertionError: expected [https://www.dr-best.de/zahnpflege/kinderzahnentwicklung/] but found [https://haleonstaging1:Health2023@dr-best-de.preprod-cf65.ch.adobecqms.net/zahnpflege/kinderzahnentwicklung/]
at com.qa.baseClass.BaseClass.compareTwoText(BaseClass.java:814)
at com.qa.drbest.ge.test.drbestKinderZahnentwicklungTest.verifyZurWebsiteLink(drbestKinderZahnentwicklungTest.java:260)
at java.base/java.util.ArrayList.forEach(ArrayList.java:1511)
... Removed 31 stack frames]]>
    </failure>
  </testcase> <!-- verifyZurWebsiteLink -->
  <testcase classname="com.qa.drbest.ge.test.drbestKinderZahnentwicklungTest" name="verifyArticle1Link" time="4.624"/>
  <testcase classname="com.qa.drbest.ge.test.drbestKinderZahnentwicklungTest" name="verifyLink1Link" time="4.576"/>
  <testcase classname="com.qa.drbest.ge.test.drbestKinderZahnentwicklungTest" name="verifyArticle2Link" time="4.565"/>
  <testcase classname="com.qa.drbest.ge.test.drbestKinderZahnentwicklungTest" name="verifyLink2Link" time="4.417"/>
  <testcase classname="com.qa.drbest.ge.test.drbestKinderZahnentwicklungTest" name="verifyArticle3Link" time="4.543"/>
  <testcase classname="com.qa.drbest.ge.test.drbestKinderZahnentwicklungTest" name="verifyLink3Link" time="4.438"/>
  <testcase classname="com.qa.drbest.ge.test.drbestVibrationAtemfrischTest" name="verifydrbestcookiePopupLink" time="40.943"/>
  <testcase classname="com.qa.drbest.ge.test.drbestVibrationAtemfrischTest" name="verifyBuyNow1Link" time="4.827"/>
  <testcase classname="com.qa.drbest.ge.test.drbestVibrationAtemfrischTest" name="verifyReviewLink" time="8.903"/>
  <testcase classname="com.qa.drbest.ge.test.drbestVibrationAtemfrischTest" name="verifyReview1Link" time="10.768"/>
  <testcase classname="com.qa.drbest.ge.test.drbesteranehrungunTest" name="verifydrbestcookiePopupLink" time="40.809"/>
  <testcase classname="com.qa.drbest.ge.test.drbesteranehrungunTest" name="verifydrbestSlide1Link" time="4.29"/>
  <testcase classname="com.qa.drbest.ge.test.drbesteranehrungunTest" name="verifydrbestSlide2Link" time="4.264"/>
  <testcase classname="com.qa.drbest.ge.test.drbesteranehrungunTest" name="verifydrbestSlide3Link" time="4.316"/>
  <testcase classname="com.qa.drbest.ge.test.drbesteranehrungunTest" name="verifydrbestSlide4Link" time="4.367"/>
  <testcase classname="com.qa.drbest.ge.test.drbesteranehrungunTest" name="verifydrbestSlide5Link" time="4.295"/>
  <testcase classname="com.qa.drbest.ge.test.drbesteranehrungunTest" name="verifydrbestSlide6Link" time="4.266"/>
  <testcase classname="com.qa.drbest.ge.test.drbesteranehrungunTest" name="verifydrbestSlide7Link" time="4.278"/>
  <testcase classname="com.qa.drbest.ge.test.drbesteranehrungunTest" name="verifydrbestSlide8Link" time="4.237"/>
  <testcase classname="com.qa.drbest.ge.test.drbesteranehrungunTest" name="verifyVibrationPolimedLink" time="6.374"/>
  <testcase classname="com.qa.drbest.ge.test.drbesteranehrungunTest" name="verifyVibrationPolimedProductLink" time="5.299"/>
  <testcase classname="com.qa.drbest.ge.test.drbesteranehrungunTest" name="verifyVibrationPolimedBuyNowLink" time="5.015"/>
  <testcase classname="com.qa.drbest.ge.test.drbesteranehrungunTest" name="verifyAtemfrischLink" time="4.798"/>
  <testcase classname="com.qa.drbest.ge.test.drbesteranehrungunTest" name="verifyAtemfrischProductLink" time="4.353"/>
  <testcase classname="com.qa.drbest.ge.test.drbesteranehrungunTest" name="verifyAtemfrischBuyNowLink" time="4.918"/>
  <testcase classname="com.qa.drbest.ge.test.drbesteranehrungunTest" name="verifyMultiExpertLink" time="4.575"/>
  <testcase classname="com.qa.drbest.ge.test.drbesteranehrungunTest" name="verifyMultiExpertBuyNowLink" time="5.244"/>
  <testcase classname="com.qa.drbest.ge.test.drbesteranehrungunTest" name="verifyArticle1Link" time="4.783"/>
  <testcase classname="com.qa.drbest.ge.test.drbesteranehrungunTest" name="verifyRelatedLink1Link" time="4.539"/>
  <testcase classname="com.qa.drbest.ge.test.drbesteranehrungunTest" name="verifyArticle2Link" time="4.536"/>
  <testcase classname="com.qa.drbest.ge.test.drbesteranehrungunTest" name="verifyRelatedLink2Link" time="4.578"/>
  <testcase classname="com.qa.drbest.ge.test.drbesteranehrungunTest" name="verifyArticle3Link" time="4.967"/>
  <testcase classname="com.qa.drbest.ge.test.drbesteranehrungunTest" name="verifyRelatedLink3Link" time="4.439"/>
  <testcase classname="com.qa.drbest.ge.test.drbestSitemapTest" name="verifydrbestcookiePopupLink" time="40.761"/>
  <testcase classname="com.qa.drbest.ge.test.drbestSitemapTest" name="verifyOrginalLink" time="4.753"/>
  <testcase classname="com.qa.drbest.ge.test.drbestSitemapTest" name="verifyHochTiefLink" time="4.737"/>
  <testcase classname="com.qa.drbest.ge.test.drbestSitemapTest" name="verifySchwingkopfLink" time="4.443"/>
  <testcase classname="com.qa.drbest.ge.test.drbestSitemapTest" name="verifyInterdentAktivLink" time="4.512"/>
  <testcase classname="com.qa.drbest.ge.test.drbestSitemapTest" name="verifyZwishenzahnLink" time="5.081"/>
  <testcase classname="com.qa.drbest.ge.test.drbestSitemapTest" name="verifyXZwishenzahnLink" time="4.934"/>
  <testcase classname="com.qa.drbest.ge.test.drbestSitemapTest" name="verifyNaturlichWeiLink" time="4.886"/>
  <testcase classname="com.qa.drbest.ge.test.drbestSitemapTest" name="verifyPolimedLink" time="5.674"/>
  <testcase classname="com.qa.drbest.ge.test.drbestSitemapTest" name="verifyPolimedKurzkopfLink" time="4.969"/>
  <testcase classname="com.qa.drbest.ge.test.drbestSitemapTest" name="verifyVibrationPolimedLink" time="6.409"/>
  <testcase classname="com.qa.drbest.ge.test.drbestSitemapTest" name="verifyVibrationMultiExpertLink" time="7.636"/>
  <testcase classname="com.qa.drbest.ge.test.drbestSitemapTest" name="verifyVibrationJuniorZahnLink" time="5.47"/>
  <testcase classname="com.qa.drbest.ge.test.drbestSitemapTest" name="verifyVibrationAtemfrischLink" time="4.721"/>
  <testcase classname="com.qa.drbest.ge.test.drbestSitemapTest" name="verifyBambusIntedentKIDSLink" time="6.605"/>
  <testcase classname="com.qa.drbest.ge.test.drbestSitemapTest" name="verifyBambusIntedentLink" time="5.691"/>
  <testcase classname="com.qa.drbest.ge.test.drbestSitemapTest" name="verifyGreenCleanLink" time="6.447"/>
  <testcase classname="com.qa.drbest.ge.test.drbestSitemapTest" name="verifyInterdentalburstenLink" time="5.644"/>
  <testcase classname="com.qa.drbest.ge.test.drbestSitemapTest" name="verifyGreenSensitiveLink" time="4.533"/>
  <testcase classname="com.qa.drbest.ge.test.drbestSitemapTest" name="verifyErsteZahneLink" time="5.91"/>
  <testcase classname="com.qa.drbest.ge.test.drbestSitemapTest" name="verifyMilchzahnLink" time="4.572"/>
  <testcase classname="com.qa.drbest.ge.test.drbestSitemapTest" name="verifyJuniorZahnLink" time="4.698"/>
  <testcase classname="com.qa.drbest.ge.test.drbestSitemapTest" name="verifyCoolKidsLink" time="5.076"/>
  <testcase classname="com.qa.drbest.ge.test.drbestSitemapTest" name="verifyPawPatrolLink" time="4.597"/>
  <testcase classname="com.qa.drbest.ge.test.drbestSitemapTest" name="verifyWieoftLink" time="4.563"/>
  <testcase classname="com.qa.drbest.ge.test.drbestSitemapTest" name="verifyZahnputztechnikLink" time="6.381"/>
  <testcase classname="com.qa.drbest.ge.test.drbestSitemapTest" name="verifyHilfsmittelLink" time="4.777"/>
  <testcase classname="com.qa.drbest.ge.test.drbestSitemapTest" name="verifyMundgeruchLink" time="4.634"/>
  <testcase classname="com.qa.drbest.ge.test.drbestSitemapTest" name="verifyWeissereZahneLink" time="4.513"/>
  <testcase classname="com.qa.drbest.ge.test.drbestSitemapTest" name="verifyErnahrungZahneLink" time="4.677"/>
  <testcase classname="com.qa.drbest.ge.test.drbestSitemapTest" name="verifyParodontitisLink" time="4.575"/>
  <testcase classname="com.qa.drbest.ge.test.drbestSitemapTest" name="verifySchutzKariesLink" time="4.603"/>
  <testcase classname="com.qa.drbest.ge.test.drbestSitemapTest" name="verifyEmpfindlichLink" time="4.548"/>
  <testcase classname="com.qa.drbest.ge.test.drbestSitemapTest" name="verifyZahnputztechnikKinderLink" time="4.426"/>
  <testcase classname="com.qa.drbest.ge.test.drbestSitemapTest" name="verifyKinderzahnetwicklungLink" time="4.654"/>
  <testcase classname="com.qa.drbest.ge.test.drbestSitemapTest" name="verifyZahnspangenLink" time="4.584"/>
  <testcase classname="com.qa.drbest.ge.test.drbestSitemapTest" name="verifyPflegeLink" time="4.646"/>
  <testcase classname="com.qa.drbest.ge.test.drbestSitemapTest" name="verifyBiokunstuffLink" time="4.681"/>
  <testcase classname="com.qa.drbest.ge.test.drbestSitemapTest" name="verifyBambusLink" time="5.254"/>
  <testcase classname="com.qa.drbest.ge.test.drbestSitemapTest" name="verifyUmweltfreundlicheLink" time="4.532"/>
  <testcase classname="com.qa.drbest.ge.test.drbestSitemapTest" name="verifyKlimashutzprojektLink" time="4.547"/>
  <testcase classname="com.qa.drbest.ge.test.drbestSitemapTest" name="verifySystemZahnpflegeLink" time="4.569"/>
  <testcase classname="com.qa.drbest.ge.test.drbestSitemapTest" name="verifyFlexzoneLink" time="4.65"/>
  <testcase classname="com.qa.drbest.ge.test.drbestSitemapTest" name="verifyKugelgelenkLink" time="4.527"/>
  <testcase classname="com.qa.drbest.ge.test.drbestSitemapTest" name="verifyZungeriningerLink" time="4.57"/>
  <testcase classname="com.qa.drbest.ge.test.drbestSitemapTest" name="verifyVibrationLink" time="4.529"/>
  <testcase classname="com.qa.drbest.ge.test.drbestSitemapTest" name="verifySeidenfeinLink" time="4.599"/>
  <testcase classname="com.qa.drbest.ge.test.drbestSitemapTest" name="verifyPolimed1Link" time="4.562"/>
  <testcase classname="com.qa.drbest.ge.test.drbestSitemapTest" name="verifyBambooInterdentLink" time="4.591"/>
  <testcase classname="com.qa.drbest.ge.test.drbestSitemapTest" name="verifyVerpackungLink" time="4.557"/>
  <testcase classname="com.qa.drbest.ge.test.drbestSitemapTest" name="verifyGreenClean1Link" time="4.698"/>
  <testcase classname="com.qa.drbest.ge.test.drbestSitemapTest" name="verifySiteMapLink" time="4.667"/>
  <testcase classname="com.qa.drbest.ge.test.drbestSitemapTest" name="verifyImpressumLink" time="4.907"/>
  <testcase classname="com.qa.drbest.ge.test.drbestSitemapTest" name="verifyNutzungsbedingungenLink" time="4.92"/>
  <testcase classname="com.qa.drbest.ge.test.drbestSitemapTest" name="verifyDatenschutzrichtlinieLink" time="4.829"/>
  <testcase classname="com.qa.drbest.ge.test.drbestSitemapTest" name="verifyCookiesLink" time="4.734"/>
  <testcase classname="com.qa.drbest.ge.test.drbestSitemapTest" name="verifyKontaktLink" time="4.549"/>
  <testcase classname="com.qa.drbest.ge.test.DrBestKlimaschutzprojektTest" name="verifyCookie" time="1.395"/>
  <testcase classname="com.qa.drbest.ge.test.DrBestKlimaschutzprojektTest" name="verifyInterdentKidsImg" time="6.534"/>
  <testcase classname="com.qa.drbest.ge.test.DrBestKlimaschutzprojektTest" name="verifyInterdentImg" time="7.707"/>
  <testcase classname="com.qa.drbest.ge.test.DrBestKlimaschutzprojektTest" name="verifyGreenCleanImg" time="6.2"/>
  <testcase classname="com.qa.drbest.ge.test.DrBestKlimaschutzprojektTest" name="verifyInterdentalburstenImg" time="5.71"/>
  <testcase classname="com.qa.drbest.ge.test.DrBestKlimaschutzprojektTest" name="verifyInterdentKidsButton" time="4.956"/>
  <testcase classname="com.qa.drbest.ge.test.DrBestKlimaschutzprojektTest" name="verifyInterdentButton" time="5.311"/>
  <testcase classname="com.qa.drbest.ge.test.DrBestKlimaschutzprojektTest" name="verifyGreenCleanButton" time="4.725">
    <skipped/>
  </testcase> <!-- verifyGreenCleanButton -->
  <testcase classname="com.qa.drbest.ge.test.DrBestKlimaschutzprojektTest" name="verifyGreenCleanButton" time="4.778">
    <skipped/>
  </testcase> <!-- verifyGreenCleanButton -->
  <testcase classname="com.qa.drbest.ge.test.DrBestKlimaschutzprojektTest" name="verifyGreenCleanButton" time="4.9">
    <failure type="java.lang.AssertionError" message="expected [content/cf-consumer-healthcare/oral-drbest/master/home/zahnbuersten/green-clean.html%22] but found [zahnbuersten/green-clean/]">
      <![CDATA[java.lang.AssertionError: expected [content/cf-consumer-healthcare/oral-drbest/master/home/zahnbuersten/green-clean.html%22] but found [zahnbuersten/green-clean/]
at com.qa.baseClass.BaseClass.compareTwoText(BaseClass.java:814)
at com.qa.drbest.ge.test.DrBestKlimaschutzprojektTest.verifyGreenCleanButton(DrBestKlimaschutzprojektTest.java:123)
at java.base/java.util.ArrayList.forEach(ArrayList.java:1511)
... Removed 31 stack frames]]>
    </failure>
  </testcase> <!-- verifyGreenCleanButton -->
  <testcase classname="com.qa.drbest.ge.test.DrBestKlimaschutzprojektTest" name="verifyInterdentalburstenButton" time="4.718"/>
  <testcase classname="com.qa.drbest.ge.test.drbestNachhaltigkeitTest" name="verifydrbestcookiePopupLink" time="40.652"/>
  <testcase classname="com.qa.drbest.ge.test.drbestNachhaltigkeitTest" name="verifyBambusLink" time="5.109"/>
  <testcase classname="com.qa.drbest.ge.test.drbestNachhaltigkeitTest" name="verifyBiokunstoffLink" time="4.491"/>
  <testcase classname="com.qa.drbest.ge.test.drbestNachhaltigkeitTest" name="verifyVerpackungLink" time="5.203"/>
  <testcase classname="com.qa.drbest.ge.test.drbestNachhaltigkeitTest" name="verifyYouTubeLink" time="10.072"/>
  <testcase classname="com.qa.drbest.ge.test.drbestNachhaltigkeitTest" name="verifyGreenSensitiveLink" time="5.878"/>
  <testcase classname="com.qa.drbest.ge.test.drbestNachhaltigkeitTest" name="verifyGreenSensitiveProductLink" time="4.776"/>
  <testcase classname="com.qa.drbest.ge.test.drbestNachhaltigkeitTest" name="verifyGreenSensitiveBuyNowLink" time="5.208"/>
  <testcase classname="com.qa.drbest.ge.test.drbestNachhaltigkeitTest" name="verifyBambusKidsLink" time="9.228"/>
  <testcase classname="com.qa.drbest.ge.test.drbestNachhaltigkeitTest" name="verifyBambusKidsProductLink" time="4.814"/>
  <testcase classname="com.qa.drbest.ge.test.drbestNachhaltigkeitTest" name="verifyBambusKidsBuyNOwLink" time="5.118"/>
  <testcase classname="com.qa.drbest.ge.test.drbestNachhaltigkeitTest" name="verifyBambusInterdentLink" time="6.506"/>
  <testcase classname="com.qa.drbest.ge.test.drbestNachhaltigkeitTest" name="verifyBambusInterdentProductLink" time="6.536"/>
  <testcase classname="com.qa.drbest.ge.test.drbestNachhaltigkeitTest" name="verifyBambusInterdentBuyNowLink" time="5.084"/>
  <testcase classname="com.qa.drbest.ge.test.drbestNachhaltigkeitTest" name="verifyGreenCleanLink" time="6.145"/>
  <testcase classname="com.qa.drbest.ge.test.drbestNachhaltigkeitTest" name="verifyGreenCleanProductLink" time="4.838">
    <skipped/>
  </testcase> <!-- verifyGreenCleanProductLink -->
  <testcase classname="com.qa.drbest.ge.test.drbestNachhaltigkeitTest" name="verifyGreenCleanProductLink" time="4.79">
    <skipped/>
  </testcase> <!-- verifyGreenCleanProductLink -->
  <testcase classname="com.qa.drbest.ge.test.drbestNachhaltigkeitTest" name="verifyGreenCleanProductLink" time="4.687">
    <failure type="java.lang.AssertionError" message="expected [content/cf-consumer-healthcare/oral-drbest/master/home/zahnbuersten/green-clean.html%22] but found [zahnbuersten/green-clean/]">
      <![CDATA[java.lang.AssertionError: expected [content/cf-consumer-healthcare/oral-drbest/master/home/zahnbuersten/green-clean.html%22] but found [zahnbuersten/green-clean/]
at com.qa.baseClass.BaseClass.compareTwoText(BaseClass.java:814)
at com.qa.drbest.ge.test.drbestNachhaltigkeitTest.verifyGreenCleanProductLink(drbestNachhaltigkeitTest.java:212)
at java.base/java.util.ArrayList.forEach(ArrayList.java:1511)
... Removed 31 stack frames]]>
    </failure>
  </testcase> <!-- verifyGreenCleanProductLink -->
  <testcase classname="com.qa.drbest.ge.test.drbestNachhaltigkeitTest" name="verifyGreenCleanBuyNowLink" time="5.208"/>
  <testcase classname="com.qa.drbest.ge.test.drbestNachhaltigkeitTest" name="verifyInterDentalBurstenLink" time="5.657"/>
  <testcase classname="com.qa.drbest.ge.test.drbestNachhaltigkeitTest" name="verifyInterDentalBurstenProductLink" time="4.83"/>
  <testcase classname="com.qa.drbest.ge.test.drbestNachhaltigkeitTest" name="verifyInterDentalBurstenBuyNowLink" time="5.049"/>
  <testcase classname="com.qa.drbest.ge.test.drbestSchutzKariesTest" name="verifydrbestcookiePopupLink" time="40.85"/>
  <testcase classname="com.qa.drbest.ge.test.drbestSchutzKariesTest" name="verifyXZwischenzahnLink" time="4.793"/>
  <testcase classname="com.qa.drbest.ge.test.drbestSchutzKariesTest" name="verifyXZwischenzahnProductLink" time="4.453"/>
  <testcase classname="com.qa.drbest.ge.test.drbestSchutzKariesTest" name="verifyXZwischenzahnBuyNowLink" time="4.944"/>
  <testcase classname="com.qa.drbest.ge.test.drbestSchutzKariesTest" name="verifyVibrationPolimedLink" time="4.875"/>
  <testcase classname="com.qa.drbest.ge.test.drbestSchutzKariesTest" name="verifyVibrationPolimedProductLink" time="8.135"/>
  <testcase classname="com.qa.drbest.ge.test.drbestSchutzKariesTest" name="verifyVibrationPolimedBuyNowLink" time="4.893"/>
  <testcase classname="com.qa.drbest.ge.test.drbestSchutzKariesTest" name="verifyVibrationMultiExpertLink" time="5.171"/>
  <testcase classname="com.qa.drbest.ge.test.drbestSchutzKariesTest" name="verifyVibrationMultiExpertProductLink" time="4.692"/>
  <testcase classname="com.qa.drbest.ge.test.drbestSchutzKariesTest" name="verifyVibrationMultiExpertBuyNowLink" time="4.903"/>
  <testcase classname="com.qa.drbest.ge.test.drbestSchutzKariesTest" name="verifyArticle1Link" time="4.593"/>
  <testcase classname="com.qa.drbest.ge.test.drbestSchutzKariesTest" name="verifyRelatedLink1Link" time="4.625"/>
  <testcase classname="com.qa.drbest.ge.test.drbestSchutzKariesTest" name="verifyArticle2Link" time="4.539"/>
  <testcase classname="com.qa.drbest.ge.test.drbestSchutzKariesTest" name="verifyRelatedLink2Link" time="4.644"/>
  <testcase classname="com.qa.drbest.ge.test.drbestSchutzKariesTest" name="verifyArticle3Link" time="4.659"/>
  <testcase classname="com.qa.drbest.ge.test.drbestSchutzKariesTest" name="verifyRelatedLink3Link" time="4.565"/>
  <testcase classname="com.qa.drbest.ge.test.drbestClassicOriginalTest" name="verifydrbestcookiePopupLink" time="40.952"/>
  <testcase classname="com.qa.drbest.ge.test.drbestClassicOriginalTest" name="verifyBuyNow1Link" time="4.629"/>
  <testcase classname="com.qa.drbest.ge.test.drbestClassicOriginalTest" name="verifyReviewLink" time="8.949"/>
  <testcase classname="com.qa.drbest.ge.test.drbestClassicOriginalTest" name="verifyReview1Link" time="9.677"/>
  <testcase classname="com.qa.drbest.ge.test.drbestClassicOriginalTest" name="verifypolimedLink" time="5.514"/>
  <testcase classname="com.qa.drbest.ge.test.drbestClassicOriginalTest" name="verifypolimedProductLink" time="4.62"/>
  <testcase classname="com.qa.drbest.ge.test.drbestClassicOriginalTest" name="verifypolimedBuyNowLink" time="7.041">
    <skipped/>
  </testcase> <!-- verifypolimedBuyNowLink -->
  <testcase classname="com.qa.drbest.ge.test.drbestClassicOriginalTest" name="verifypolimedBuyNowLink" time="9.239"/>
  <testcase classname="com.qa.drbest.ge.test.drbestKinderjuniorzahnTest" name="verifydrbestcookiePopupLink" time="41.241"/>
  <testcase classname="com.qa.drbest.ge.test.drbestKinderjuniorzahnTest" name="verifyBuyNow1Link" time="5.096"/>
  <testcase classname="com.qa.drbest.ge.test.drbestKinderjuniorzahnTest" name="verifyReviewLink" time="7.921"/>
  <testcase classname="com.qa.drbest.ge.test.drbestKinderjuniorzahnTest" name="verifyReview1Link" time="9.375"/>
  <testcase classname="com.qa.drbest.ge.test.drbestKinderjuniorzahnTest" name="verifyMilchzahnLink" time="4.5"/>
  <testcase classname="com.qa.drbest.ge.test.drbestKinderjuniorzahnTest" name="verifyMilchzahnProductLink" time="4.744"/>
  <testcase classname="com.qa.drbest.ge.test.drbestKinderjuniorzahnTest" name="verifyPawPatrolLink" time="5.218"/>
  <testcase classname="com.qa.drbest.ge.test.drbestKinderjuniorzahnTest" name="verifyMilchzahnBuyNowLink" time="5.161"/>
  <testcase classname="com.qa.drbest.ge.test.drbestKinderjuniorzahnTest" name="verifyPawPatrolProductLink" time="4.961"/>
  <testcase classname="com.qa.drbest.ge.test.drbestKinderjuniorzahnTest" name="verifyPawPatrolBuyNowLink" time="4.964"/>
  <testcase classname="com.qa.drbest.ge.test.drbestKinderjuniorzahnTest" name="verifyCoolKidsLink" time="4.947"/>
  <testcase classname="com.qa.drbest.ge.test.drbestKinderjuniorzahnTest" name="verifyCoolKidsProductLink" time="6.495"/>
  <testcase classname="com.qa.drbest.ge.test.drbestKinderjuniorzahnTest" name="verifyCoolKidsBuyNowLink" time="5.256"/>
  <testcase classname="com.qa.drbest.ge.test.drbestParodontitisTest" name="verifydrbestcookiePopupLink" time="40.818"/>
  <testcase classname="com.qa.drbest.ge.test.drbestParodontitisTest" name="verifyLink" time="5.273"/>
  <testcase classname="com.qa.drbest.ge.test.drbestParodontitisTest" name="verifySlide1Link" time="4.493"/>
  <testcase classname="com.qa.drbest.ge.test.drbestParodontitisTest" name="verifySlide2Link" time="4.329"/>
  <testcase classname="com.qa.drbest.ge.test.drbestParodontitisTest" name="verifySlide3Link" time="4.462"/>
  <testcase classname="com.qa.drbest.ge.test.drbestParodontitisTest" name="verifySlide4Link" time="4.315"/>
  <testcase classname="com.qa.drbest.ge.test.drbestParodontitisTest" name="verifyInterdentAktivLink" time="8.019"/>
  <testcase classname="com.qa.drbest.ge.test.drbestParodontitisTest" name="verifyInterdentAktivProductLink" time="4.579"/>
  <testcase classname="com.qa.drbest.ge.test.drbestParodontitisTest" name="verifyInterdentAktivBuynowLink" time="5.034"/>
  <testcase classname="com.qa.drbest.ge.test.drbestParodontitisTest" name="verifyPolimedLink" time="6.083"/>
  <testcase classname="com.qa.drbest.ge.test.drbestParodontitisTest" name="verifyPolimedProductLink" time="5.774"/>
  <testcase classname="com.qa.drbest.ge.test.drbestParodontitisTest" name="verifyPolimedBuynowLink" time="4.949"/>
  <testcase classname="com.qa.drbest.ge.test.drbestParodontitisTest" name="verifyMultiExpertProductLink" time="4.507"/>
  <testcase classname="com.qa.drbest.ge.test.drbestParodontitisTest" name="verifyMultiExpertBuynowLink" time="4.887"/>
  <testcase classname="com.qa.drbest.ge.test.drbestParodontitisTest" name="verifyQuiz1Link" time="8.549"/>
  <testcase classname="com.qa.drbest.ge.test.drbestParodontitisTest" name="verifyQuiz2Link" time="8.608"/>
  <testcase classname="com.qa.drbest.ge.test.drbestParodontitisTest" name="verifyQuiz3Link" time="6.647"/>
  <testcase classname="com.qa.drbest.ge.test.drbestParodontitisTest" name="verifyQuiz4Link" time="6.604"/>
  <testcase classname="com.qa.drbest.ge.test.drbestParodontitisTest" name="verifyQuiz5Link" time="6.542"/>
  <testcase classname="com.qa.drbest.ge.test.drbestParodontitisTest" name="verifyQuiz6Link" time="4.561"/>
  <testcase classname="com.qa.drbest.ge.test.drbestParodontitisTest" name="verifyQuiz7Link" time="6.58"/>
  <testcase classname="com.qa.drbest.ge.test.drbestParodontitisTest" name="verifyQuiz8Link" time="6.626"/>
  <testcase classname="com.qa.drbest.ge.test.drbestParodontitisTest" name="verifyArticle1Link" time="5.363"/>
  <testcase classname="com.qa.drbest.ge.test.drbestParodontitisTest" name="verifyRelatedLink1Link" time="4.564"/>
  <testcase classname="com.qa.drbest.ge.test.drbestParodontitisTest" name="verifyArticle2Link" time="4.5"/>
  <testcase classname="com.qa.drbest.ge.test.drbestParodontitisTest" name="verifyLink2Link" time="4.417"/>
  <testcase classname="com.qa.drbest.ge.test.drbestParodontitisTest" name="verifyArticle3Link" time="4.702"/>
  <testcase classname="com.qa.drbest.ge.test.drbestParodontitisTest" name="verifyLink3Link" time="4.706"/>
  <testcase classname="com.qa.drbest.ge.test.drbesthilfsmittelTest" name="verifydrbestcookiePopupLink" time="40.714"/>
  <testcase classname="com.qa.drbest.ge.test.drbesthilfsmittelTest" name="verifyAtemfrischLink" time="4.629"/>
  <testcase classname="com.qa.drbest.ge.test.drbesthilfsmittelTest" name="verifyAtemfrischProductLink" time="5.031"/>
  <testcase classname="com.qa.drbest.ge.test.drbesthilfsmittelTest" name="verifyAtemfrischBuyNowLink" time="5.226"/>
  <testcase classname="com.qa.drbest.ge.test.drbesthilfsmittelTest" name="verifyVibrationLink" time="6.907"/>
  <testcase classname="com.qa.drbest.ge.test.drbesthilfsmittelTest" name="verifyVibrationProductLink" time="4.943"/>
  <testcase classname="com.qa.drbest.ge.test.drbesthilfsmittelTest" name="verifyVibrationBuyNowLink" time="5.069"/>
  <testcase classname="com.qa.drbest.ge.test.drbesthilfsmittelTest" name="verifyVibrationAtemfrischLink" time="4.443"/>
  <testcase classname="com.qa.drbest.ge.test.drbesthilfsmittelTest" name="verifyVibrationAtemfrischProductLink" time="4.976"/>
  <testcase classname="com.qa.drbest.ge.test.drbesthilfsmittelTest" name="verifyVibrationAtemfrischBuynowLink" time="5.08"/>
  <testcase classname="com.qa.drbest.ge.test.drbesthilfsmittelTest" name="verifyVibrationMultiExpertLink" time="6.7"/>
  <testcase classname="com.qa.drbest.ge.test.drbesthilfsmittelTest" name="verifyVibrationMultiExpertProductLink" time="5.201"/>
  <testcase classname="com.qa.drbest.ge.test.drbesthilfsmittelTest" name="verifyVibrationMultiExpertBuyNowLink" time="5.358"/>
  <testcase classname="com.qa.drbest.ge.test.drbesthilfsmittelTest" name="verifyRuttelnLink" time="5.28"/>
  <testcase classname="com.qa.drbest.ge.test.drbesthilfsmittelTest" name="verifyRutteln1Link" time="5.027"/>
  <testcase classname="com.qa.drbest.ge.test.drbesthilfsmittelTest" name="verifyWiebekommeLink" time="4.833"/>
  <testcase classname="com.qa.drbest.ge.test.drbesthilfsmittelTest" name="verifyWiebekomme1Link" time="4.801"/>
  <testcase classname="com.qa.drbest.ge.test.drbesthilfsmittelTest" name="verifyDieschleichendeLink" time="4.97"/>
  <testcase classname="com.qa.drbest.ge.test.drbesthilfsmittelTest" name="verifyDieschleichende1Link" time="4.71"/>
  <testcase classname="com.qa.drbest.ge.test.drbestPremiumZwischenzahnTest" name="verifydrbestcookiePopupLink" time="41.11"/>
  <testcase classname="com.qa.drbest.ge.test.drbestPremiumZwischenzahnTest" name="verifyReviewIconLink" time="20.152">
    <skipped/>
  </testcase> <!-- verifyReviewIconLink -->
  <testcase classname="com.qa.drbest.ge.test.drbestPremiumZwischenzahnTest" name="verifyReviewIconLink" time="20.167">
    <skipped/>
  </testcase> <!-- verifyReviewIconLink -->
  <testcase classname="com.qa.drbest.ge.test.drbestPremiumZwischenzahnTest" name="verifyReviewIconLink" time="20.161">
    <failure type="java.lang.Exception" message="Unable to scroll down the page">
      <![CDATA[java.lang.Exception: Unable to scroll down the page
at com.qa.baseClass.BaseClass.scrollDownUsingElement(BaseClass.java:344)
at com.qa.drbest.ge.pages.drbestPremiumZwischenzahnPage.clickonReviewcon(drbestPremiumZwischenzahnPage.java:85)
at com.qa.drbest.ge.test.drbestPremiumZwischenzahnTest.verifyReviewIconLink(drbestPremiumZwischenzahnTest.java:44)
at java.base/java.util.ArrayList.forEach(ArrayList.java:1511)
... Removed 25 stack frames]]>
    </failure>
  </testcase> <!-- verifyReviewIconLink -->
  <testcase classname="com.qa.drbest.ge.test.drbestPremiumZwischenzahnTest" name="verifyBuyNowLink" time="4.521"/>
  <testcase classname="com.qa.drbest.ge.test.drbestPremiumZwischenzahnTest" name="verifyProduct1Link" time="5.091"/>
  <testcase classname="com.qa.drbest.ge.test.drbestPremiumZwischenzahnTest" name="verifyProductcard1Link" time="6.015"/>
  <testcase classname="com.qa.drbest.ge.test.drbestPremiumZwischenzahnTest" name="verifyProduct2Link" time="5.122"/>
  <testcase classname="com.qa.drbest.ge.test.drbestPremiumZwischenzahnTest" name="verifyProductcard2Link" time="4.651"/>
  <testcase classname="com.qa.drbest.ge.test.drbestPremiumZwischenzahnTest" name="verifyBuyNow1Link" time="5.082"/>
  <testcase classname="com.qa.drbest.ge.test.drbestPremiumZwischenzahnTest" name="verifyBuyNow2Link" time="6.954"/>
  <testcase classname="com.qa.drbest.ge.test.drbestFooterTest" name="verifydrbestcookiePopupLink" time="41.294"/>
  <testcase classname="com.qa.drbest.ge.test.drbestFooterTest" name="verifyContaktLink" time="4.465"/>
  <testcase classname="com.qa.drbest.ge.test.drbestFooterTest" name="verifysitemapLink" time="4.536"/>
  <testcase classname="com.qa.drbest.ge.test.drbestKinderpawpatrolMilchzahnTest" name="verifydrbestcookiePopupLink" time="40.69"/>
  <testcase classname="com.qa.drbest.ge.test.drbestKinderpawpatrolMilchzahnTest" name="verifyBuyNow1Link" time="4.886"/>
  <testcase classname="com.qa.drbest.ge.test.drbestKinderpawpatrolMilchzahnTest" name="verifyReviewLink" time="8.554"/>
  <testcase classname="com.qa.drbest.ge.test.drbestKinderpawpatrolMilchzahnTest" name="verifyReview1Link" time="9.266"/>
  <testcase classname="com.qa.drbest.ge.test.drbestKinderpawpatrolMilchzahnTest" name="verifyJuniorzahnLink" time="5.313"/>
  <testcase classname="com.qa.drbest.ge.test.drbestKinderpawpatrolMilchzahnTest" name="verifyJuniorzahnProductLink" time="4.756"/>
  <testcase classname="com.qa.drbest.ge.test.drbestKinderpawpatrolMilchzahnTest" name="verifyJuniorzahnBuYNowLink" time="5.142"/>
  <testcase classname="com.qa.drbest.ge.test.drbestKinderpawpatrolMilchzahnTest" name="verifyVibrationJuniorzahnLink" time="6.301"/>
  <testcase classname="com.qa.drbest.ge.test.drbestKinderpawpatrolMilchzahnTest" name="verifyVibrationJuniorzahnProductLink" time="4.912"/>
  <testcase classname="com.qa.drbest.ge.test.drbestKinderpawpatrolMilchzahnTest" name="verifyVibrationJuniorzahnBuYNowLink" time="5.251"/>
  <testcase classname="com.qa.drbest.ge.test.drbestzahnpflegeTest" name="verifydrbestcookiePopupLink" time="40.988"/>
  <testcase classname="com.qa.drbest.ge.test.drbestzahnpflegeTest" name="verifyQuiz1Link" time="8.605"/>
  <testcase classname="com.qa.drbest.ge.test.drbestzahnpflegeTest" name="verifyQuiz2Link" time="8.529"/>
  <testcase classname="com.qa.drbest.ge.test.drbestzahnpflegeTest" name="verifyQuiz3Link" time="6.599"/>
  <testcase classname="com.qa.drbest.ge.test.drbestzahnpflegeTest" name="verifyQuiz4Link" time="6.74"/>
  <testcase classname="com.qa.drbest.ge.test.drbestzahnpflegeTest" name="verifyQuiz5Link" time="6.719"/>
  <testcase classname="com.qa.drbest.ge.test.drbestzahnpflegeTest" name="verifyQuiz6Link" time="4.541"/>
  <testcase classname="com.qa.drbest.ge.test.drbestzahnpflegeTest" name="verifyQuiz7Link" time="6.693"/>
  <testcase classname="com.qa.drbest.ge.test.drbestzahnpflegeTest" name="verifyQuiz8Link" time="6.703"/>
  <testcase classname="com.qa.drbest.ge.test.drbestzahnpflegeTest" name="verifyDiegangLink" time="5.565"/>
  <testcase classname="com.qa.drbest.ge.test.drbestzahnpflegeTest" name="verifyDiegang1Link" time="4.673"/>
  <testcase classname="com.qa.drbest.ge.test.drbestzahnpflegeTest" name="verifyHilfsmittelLink" time="4.558"/>
  <testcase classname="com.qa.drbest.ge.test.drbestzahnpflegeTest" name="verifyHilfsmittel1Link" time="5.225"/>
  <testcase classname="com.qa.drbest.ge.test.drbestzahnpflegeTest" name="verifyParodontotisLink" time="4.588"/>
  <testcase classname="com.qa.drbest.ge.test.drbestzahnpflegeTest" name="verifyParodontotis1Link" time="4.954"/>
  <testcase classname="com.qa.drbest.ge.test.drbestzahnpflegeTest" name="verifyZahneLink" time="4.885"/>
  <testcase classname="com.qa.drbest.ge.test.drbestzahnpflegeTest" name="verifyZahne1Link" time="4.742"/>
  <testcase classname="com.qa.drbest.ge.test.drbestzahnpflegeTest" name="verifyKinderLink" time="4.691"/>
  <testcase classname="com.qa.drbest.ge.test.drbestzahnpflegeTest" name="verifyKinder1Link" time="4.59"/>
  <testcase classname="com.qa.drbest.ge.test.drbestzahnpflegeTest" name="verifyfestsitzendenLink" time="4.583"/>
  <testcase classname="com.qa.drbest.ge.test.drbestzahnpflegeTest" name="verifyfestsitzenden1Link" time="4.709"/>
  <testcase classname="com.qa.drbest.ge.test.drbestzahnpflegeTest" name="verifyStichwortLink" time="4.661"/>
  <testcase classname="com.qa.drbest.ge.test.drbestzahnpflegeTest" name="verifyStichwort1Link" time="4.602"/>
  <testcase classname="com.qa.drbest.ge.test.drbestzahnpflegeTest" name="verifygebissentwicklungLink" time="4.51"/>
  <testcase classname="com.qa.drbest.ge.test.drbestzahnpflegeTest" name="verifygebissentwicklung1Link" time="4.931"/>
  <testcase classname="com.qa.drbest.ge.test.drbestzahnpflegeTest" name="verifykaimethodeLink" time="4.84"/>
  <testcase classname="com.qa.drbest.ge.test.drbestzahnpflegeTest" name="verifykaimethode1Link" time="4.818"/>
  <testcase classname="com.qa.drbest.ge.test.drbestzahnpflegeTest" name="verifyMundgerchLink" time="4.789"/>
  <testcase classname="com.qa.drbest.ge.test.drbestzahnpflegeTest" name="verifyMundgerch1Link" time="4.89"/>
  <testcase classname="com.qa.drbest.ge.test.drbestzahnpflegeTest" name="verifyErnahrungLink" time="4.668"/>
  <testcase classname="com.qa.drbest.ge.test.drbestzahnpflegeTest" name="verifyErnahrung1Link" time="5.399"/>
  <testcase classname="com.qa.drbest.ge.test.drbestzahnpflegeTest" name="verifyKariesLink" time="4.781"/>
  <testcase classname="com.qa.drbest.ge.test.drbestzahnpflegeTest" name="verifyKaries1Link" time="4.629"/>
  <testcase classname="com.qa.drbest.ge.test.drbestProfessionalPolimedTest" name="verifydrbestcookiePopupLink" time="41.022"/>
  <testcase classname="com.qa.drbest.ge.test.drbestProfessionalPolimedTest" name="verifyBuyNow1Link" time="4.932"/>
  <testcase classname="com.qa.drbest.ge.test.drbestProfessionalPolimedTest" name="verifyReviewLink" time="8.759"/>
  <testcase classname="com.qa.drbest.ge.test.drbestProfessionalPolimedTest" name="verifyReview1Link" time="9.981"/>
  <testcase classname="com.qa.drbest.ge.test.drbestProfessionalPolimedTest" name="verifyVibrationPolimedLink" time="4.819"/>
  <testcase classname="com.qa.drbest.ge.test.drbestProfessionalPolimedTest" name="verifyVibrationPolimedProductLink" time="5.193"/>
  <testcase classname="com.qa.drbest.ge.test.drbestProfessionalPolimedTest" name="verifyVibrationPolimedBuyNowLink" time="5.218"/>
  <testcase classname="com.qa.drbest.ge.test.drbestProfessionalPolimedTest" name="verifyVibrationMultiExpertLink" time="5.891"/>
  <testcase classname="com.qa.drbest.ge.test.drbestProfessionalPolimedTest" name="verifyVibrationMultiExpertProductLink" time="5.865"/>
  <testcase classname="com.qa.drbest.ge.test.drbestProfessionalPolimedTest" name="verifyVibrationMultiExpertBuyNowLink" time="5.799">
    <skipped/>
  </testcase> <!-- verifyVibrationMultiExpertBuyNowLink -->
  <testcase classname="com.qa.drbest.ge.test.drbestProfessionalPolimedTest" name="verifyVibrationMultiExpertBuyNowLink" time="5.657"/>
  <testcase classname="com.qa.drbest.ge.test.DrBestKinderMilchzahnTest" name="cookieButton" time="40.884"/>
  <testcase classname="com.qa.drbest.ge.test.DrBestKinderMilchzahnTest" name="verifyBuyNow1" time="4.984"/>
  <testcase classname="com.qa.drbest.ge.test.DrBestKinderMilchzahnTest" name="verifyReviewLink" time="8.475"/>
[...]
      <![CDATA[org.openqa.selenium.TimeoutException: Expected condition failed: waiting for visibility of Proxy element for: DefaultElementLocator 'By.xpath: //span[text()='Meine Bewertung für Dr.BEST Polimed Mittel']' (tried for 20 second(s) with 500 milliseconds interval)
at org.openqa.selenium.support.ui.WebDriverWait.timeoutException(WebDriverWait.java:95)
at org.openqa.selenium.support.ui.FluentWait.until(FluentWait.java:272)
at com.qa.baseClass.BaseClass.visibilityOf(BaseClass.java:797)
at com.qa.drbest.ge.pages.DrBestProfessionalAtemfrisch.clickonReview(DrBestProfessionalAtemfrisch.java:107)
at com.qa.drbest.ge.test.DrBestProfessionalAtemfrischTest.verifyReviewLink(DrBestProfessionalAtemfrischTest.java:57)
at java.base/java.util.ArrayList.forEach(ArrayList.java:1511)
Caused by: org.openqa.selenium.NoSuchElementException: no such element: Unable to locate element: {"method":"xpath","selector":"//span[text()='Meine Bewertung für Dr.BEST Polimed Mittel']"}
  (Session info: chrome=111.0.5563.147)
For documentation on this error, please visit: https://www.seleniumhq.org/exceptions/no_such_element.html
Build info: version: '3.141.59', revision: 'e82be7d358', time: '2018-11-14T08:17:03'
System info: host: 'WKWZTPQVMDCKJHX', ip: '192.168.41.49', os.name: 'Windows 11', os.arch: 'amd64', os.version: '10.0', java.version: '18.0.1'
Driver info: org.openqa.selenium.chrome.ChromeDriver
Capabilities {acceptInsecureCerts: false, browserName: chrome, browserVersion: 111.0.5563.147, chrome: {chromedriverVersion: 111.0.5563.64 (c710e93d5b63..., userDataDir: C:\Users\sujsekar\AppData\L...}, goog:chromeOptions: {debuggerAddress: localhost:60504}, javascriptEnabled: true, networkConnectionEnabled: false, pageLoadStrategy: normal, platform: WINDOWS, platformName: WINDOWS, proxy: Proxy(), setWindowRect: true, strictFileInteractability: false, timeouts: {implicit: 0, pageLoad: 300000, script: 30000}, unhandledPromptBehavior: dismiss and notify, webauthn:extension:credBlob: true, webauthn:extension:largeBlob: true, webauthn:extension:minPinLength: true, webauthn:extension:prf: true, webauthn:virtualAuthenticators: true}
Session ID: b3a6064005dab599b868f9bdd09714cd
*** Element info: {Using=xpath, value=//span[text()='Meine Bewertung für Dr.BEST Polimed Mittel']}
at org.openqa.selenium.remote.http.W3CHttpResponseCodec.createException(W3CHttpResponseCodec.java:187)
at org.openqa.selenium.remote.http.W3CHttpResponseCodec.decode(W3CHttpResponseCodec.java:122)
at org.openqa.selenium.remote.http.W3CHttpResponseCodec.decode(W3CHttpResponseCodec.java:49)
at org.openqa.selenium.remote.HttpCommandExecutor.execute(HttpCommandExecutor.java:158)
at org.openqa.selenium.remote.service.DriverCommandExecutor.execute(DriverCommandExecutor.java:83)
at org.openqa.selenium.remote.RemoteWebDriver.execute(RemoteWebDriver.java:552)
at org.openqa.selenium.remote.RemoteWebDriver.findElement(RemoteWebDriver.java:323)
at org.openqa.selenium.remote.RemoteWebDriver.findElementByXPath(RemoteWebDriver.java:428)
at org.openqa.selenium.By$ByXPath.findElement(By.java:353)
at org.openqa.selenium.remote.RemoteWebDriver.findElement(RemoteWebDriver.java:315)
at org.openqa.selenium.support.pagefactory.DefaultElementLocator.findElement(DefaultElementLocator.java:69)
at org.openqa.selenium.support.pagefactory.internal.LocatingElementHandler.invoke(LocatingElementHandler.java:38)
at jdk.proxy2/jdk.proxy2.$Proxy17.isDisplayed(Unknown Source)
at org.openqa.selenium.support.ui.ExpectedConditions.elementIfVisible(ExpectedConditions.java:314)
at org.openqa.selenium.support.ui.ExpectedConditions.access$000(ExpectedConditions.java:43)
at org.openqa.selenium.support.ui.ExpectedConditions$10.apply(ExpectedConditions.java:300)
at org.openqa.selenium.support.ui.ExpectedConditions$10.apply(ExpectedConditions.java:297)
at org.openqa.selenium.support.ui.FluentWait.until(FluentWait.java:249)
... 29 more
... Removed 28 stack frames]]>
    </failure>
  </testcase> <!-- verifyReviewLink -->
  <testcase classname="com.qa.drbest.ge.test.DrBestProfessionalAtemfrischTest" name="verifyDrBESTVibrationPolimedImage" time="4.685"/>
  <testcase classname="com.qa.drbest.ge.test.DrBestProfessionalAtemfrischTest" name="verifyMehrErfahren1" time="5.315"/>
  <testcase classname="com.qa.drbest.ge.test.DrBestProfessionalAtemfrischTest" name="verifyJetztKaufen1" time="5.617"/>
  <testcase classname="com.qa.drbest.ge.test.DrBestProfessionalAtemfrischTest" name="verifyDrBESTVibrationMultiExpertImage" time="4.608"/>
  <testcase classname="com.qa.drbest.ge.test.DrBestProfessionalAtemfrischTest" name="verifyMehrErfahren2" time="6.062"/>
  <testcase classname="com.qa.drbest.ge.test.DrBestProfessionalAtemfrischTest" name="verifyJetztKaufen2" time="5.65"/>
  <testcase classname="com.qa.baseClass.BaseClass" name="@AfterSuite endReport" time="0.0">
    <ignored/>
  </testcase> <!-- @AfterSuite endReport -->
  <testcase classname="com.qa.baseClass.BaseClass" name="@AfterSuite endReport" time="0.0">
    <ignored/>
  </testcase> <!-- @AfterSuite endReport -->
  <testcase classname="com.qa.baseClass.BaseClass" name="@AfterSuite endReport" time="0.0">
    <ignored/>
  </testcase> <!-- @AfterSuite endReport -->
  <testcase classname="com.qa.baseClass.BaseClass" name="@AfterSuite endReport" time="0.0">
    <ignored/>
  </testcase> <!-- @AfterSuite endReport -->
  <testcase classname="com.qa.baseClass.BaseClass" name="@AfterSuite endReport" time="0.0">
    <ignored/>
  </testcase> <!-- @AfterSuite endReport -->
  <testcase classname="com.qa.baseClass.BaseClass" name="@AfterSuite endReport" time="0.0">
    <ignored/>
  </testcase> <!-- @AfterSuite endReport -->
  <testcase classname="com.qa.baseClass.BaseClass" name="@AfterSuite endReport" time="0.0">
    <ignored/>
  </testcase> <!-- @AfterSuite endReport -->
  <testcase classname="com.qa.baseClass.BaseClass" name="@AfterSuite endReport" time="0.0">
    <ignored/>
  </testcase> <!-- @AfterSuite endReport -->
  <testcase classname="com.qa.baseClass.BaseClass" name="@AfterSuite endReport" time="0.0">
    <ignored/>
  </testcase> <!-- @AfterSuite endReport -->
  <testcase classname="com.qa.baseClass.BaseClass" name="@AfterSuite endReport" time="0.0">
    <ignored/>
  </testcase> <!-- @AfterSuite endReport -->
  <testcase classname="com.qa.baseClass.BaseClass" name="@AfterSuite endReport" time="0.0">
    <ignored/>
  </testcase> <!-- @AfterSuite endReport -->
  <testcase classname="com.qa.baseClass.BaseClass" name="@AfterSuite endReport" time="0.0">
    <ignored/>
  </testcase> <!-- @AfterSuite endReport -->
  <testcase classname="com.qa.baseClass.BaseClass" name="@AfterSuite endReport" time="0.0">
    <ignored/>
  </testcase> <!-- @AfterSuite endReport -->
  <testcase classname="com.qa.baseClass.BaseClass" name="@AfterSuite endReport" time="0.0">
    <ignored/>
  </testcase> <!-- @AfterSuite endReport -->
  <testcase classname="com.qa.baseClass.BaseClass" name="@AfterSuite endReport" time="0.0">
    <ignored/>
  </testcase> <!-- @AfterSuite endReport -->
  <testcase classname="com.qa.baseClass.BaseClass" name="@AfterSuite endReport" time="0.0">
    <ignored/>
  </testcase> <!-- @AfterSuite endReport -->
  <testcase classname="com.qa.baseClass.BaseClass" name="@AfterSuite endReport" time="0.0">
    <ignored/>
  </testcase> <!-- @AfterSuite endReport -->
  <testcase classname="com.qa.baseClass.BaseClass" name="@AfterSuite endReport" time="0.0">
    <ignored/>
  </testcase> <!-- @AfterSuite endReport -->
  <testcase classname="com.qa.baseClass.BaseClass" name="@AfterSuite endReport" time="0.0">
    <ignored/>
  </testcase> <!-- @AfterSuite endReport -->
  <testcase classname="com.qa.baseClass.BaseClass" name="@AfterSuite endReport" time="0.0">
    <ignored/>
  </testcase> <!-- @AfterSuite endReport -->
  <testcase classname="com.qa.baseClass.BaseClass" name="@AfterSuite endReport" time="0.0">
    <ignored/>
  </testcase> <!-- @AfterSuite endReport -->
  <testcase classname="com.qa.baseClass.BaseClass" name="@AfterSuite endReport" time="0.0">
    <ignored/>
  </testcase> <!-- @AfterSuite endReport -->
  <testcase classname="com.qa.baseClass.BaseClass" name="@AfterSuite endReport" time="0.0">
    <ignored/>
  </testcase> <!-- @AfterSuite endReport -->
  <testcase classname="com.qa.baseClass.BaseClass" name="@AfterSuite endReport" time="0.0">
    <ignored/>
  </testcase> <!-- @AfterSuite endReport -->
  <testcase classname="com.qa.baseClass.BaseClass" name="@AfterSuite endReport" time="0.0">
    <ignored/>
  </testcase> <!-- @AfterSuite endReport -->
  <testcase classname="com.qa.baseClass.BaseClass" name="@AfterSuite endReport" time="0.0">
    <ignored/>
  </testcase> <!-- @AfterSuite endReport -->
  <testcase classname="com.qa.baseClass.BaseClass" name="@AfterSuite endReport" time="0.0">
    <ignored/>
  </testcase> <!-- @AfterSuite endReport -->
  <testcase classname="com.qa.baseClass.BaseClass" name="@AfterSuite endReport" time="0.0">
    <ignored/>
  </testcase> <!-- @AfterSuite endReport -->
  <testcase classname="com.qa.baseClass.BaseClass" name="@AfterSuite endReport" time="0.0">
    <ignored/>
  </testcase> <!-- @AfterSuite endReport -->
  <testcase classname="com.qa.baseClass.BaseClass" name="@AfterSuite endReport" time="0.0">
    <ignored/>
  </testcase> <!-- @AfterSuite endReport -->
  <testcase classname="com.qa.baseClass.BaseClass" name="@AfterSuite endReport" time="0.0">
    <ignored/>
  </testcase> <!-- @AfterSuite endReport -->
  <testcase classname="com.qa.baseClass.BaseClass" name="@AfterSuite endReport" time="0.0">
    <ignored/>
  </testcase> <!-- @AfterSuite endReport -->
  <testcase classname="com.qa.baseClass.BaseClass" name="@AfterSuite endReport" time="0.0">
    <ignored/>
  </testcase> <!-- @AfterSuite endReport -->
  <testcase classname="com.qa.baseClass.BaseClass" name="@AfterSuite endReport" time="0.0">
    <ignored/>
  </testcase> <!-- @AfterSuite endReport -->
  <testcase classname="com.qa.baseClass.BaseClass" name="@AfterSuite endReport" time="0.0">
    <ignored/>
  </testcase> <!-- @AfterSuite endReport -->
  <testcase classname="com.qa.baseClass.BaseClass" name="@AfterSuite endReport" time="0.0">
    <ignored/>
  </testcase> <!-- @AfterSuite endReport -->
  <testcase classname="com.qa.baseClass.BaseClass" name="@AfterSuite endReport" time="0.0">
    <ignored/>
  </testcase> <!-- @AfterSuite endReport -->
  <testcase classname="com.qa.baseClass.BaseClass" name="@AfterSuite endReport" time="0.0">
    <ignored/>
  </testcase> <!-- @AfterSuite endReport -->
  <testcase classname="com.qa.baseClass.BaseClass" name="@AfterSuite endReport" time="0.0">
    <ignored/>
  </testcase> <!-- @AfterSuite endReport -->
  <testcase classname="com.qa.baseClass.BaseClass" name="@AfterSuite endReport" time="0.0">
    <ignored/>
  </testcase> <!-- @AfterSuite endReport -->
  <testcase classname="com.qa.baseClass.BaseClass" name="@AfterSuite endReport" time="0.0">
    <ignored/>
  </testcase> <!-- @AfterSuite endReport -->
  <testcase classname="com.qa.baseClass.BaseClass" name="@AfterSuite endReport" time="0.0">
    <ignored/>
  </testcase> <!-- @AfterSuite endReport -->
  <testcase classname="com.qa.baseClass.BaseClass" name="@AfterSuite endReport" time="0.0">
    <ignored/>
  </testcase> <!-- @AfterSuite endReport -->
  <testcase classname="com.qa.baseClass.BaseClass" name="@AfterSuite endReport" time="0.0">
    <ignored/>
  </testcase> <!-- @AfterSuite endReport -->
  <testcase classname="com.qa.baseClass.BaseClass" name="@AfterSuite endReport" time="0.0">
    <ignored/>
  </testcase> <!-- @AfterSuite endReport -->
  <testcase classname="com.qa.baseClass.BaseClass" name="@AfterSuite endReport" time="0.0">
    <ignored/>
  </testcase> <!-- @AfterSuite endReport -->
  <testcase classname="com.qa.baseClass.BaseClass" name="@AfterSuite endReport" time="0.0">
    <ignored/>
  </testcase> <!-- @AfterSuite endReport -->
  <testcase classname="com.qa.baseClass.BaseClass" name="@AfterSuite endReport" time="0.0">
    <ignored/>
  </testcase> <!-- @AfterSuite endReport -->
  <testcase classname="com.qa.baseClass.BaseClass" name="@AfterSuite endReport" time="0.0">
    <ignored/>
  </testcase> <!-- @AfterSuite endReport -->
  <testcase classname="com.qa.baseClass.BaseClass" name="@BeforeSuite startReport" time="0.0">
    <ignored/>
  </testcase> <!-- @BeforeSuite startReport -->
  <testcase classname="com.qa.baseClass.BaseClass" name="@BeforeSuite startReport" time="0.0">
    <ignored/>
  </testcase> <!-- @BeforeSuite startReport -->
  <testcase classname="com.qa.baseClass.BaseClass" name="@BeforeSuite startReport" time="0.0">
    <ignored/>
  </testcase> <!-- @BeforeSuite startReport -->
  <testcase classname="com.qa.baseClass.BaseClass" name="@BeforeSuite startReport" time="0.0">
    <ignored/>
  </testcase> <!-- @BeforeSuite startReport -->
  <testcase classname="com.qa.baseClass.BaseClass" name="@BeforeSuite startReport" time="0.0">
    <ignored/>
  </testcase> <!-- @BeforeSuite startReport -->
  <testcase classname="com.qa.baseClass.BaseClass" name="@BeforeSuite startReport" time="0.0">
    <ignored/>
  </testcase> <!-- @BeforeSuite startReport -->
  <testcase classname="com.qa.baseClass.BaseClass" name="@BeforeSuite startReport" time="0.0">
    <ignored/>
  </testcase> <!-- @BeforeSuite startReport -->
  <testcase classname="com.qa.baseClass.BaseClass" name="@BeforeSuite startReport" time="0.0">
    <ignored/>
  </testcase> <!-- @BeforeSuite startReport -->
  <testcase classname="com.qa.baseClass.BaseClass" name="@BeforeSuite startReport" time="0.0">
    <ignored/>
  </testcase> <!-- @BeforeSuite startReport -->
  <testcase classname="com.qa.baseClass.BaseClass" name="@BeforeSuite startReport" time="0.0">
    <ignored/>
  </testcase> <!-- @BeforeSuite startReport -->
  <testcase classname="com.qa.baseClass.BaseClass" name="@BeforeSuite startReport" time="0.0">
    <ignored/>
  </testcase> <!-- @BeforeSuite startReport -->
  <testcase classname="com.qa.baseClass.BaseClass" name="@BeforeSuite startReport" time="0.0">
    <ignored/>
  </testcase> <!-- @BeforeSuite startReport -->
  <testcase classname="com.qa.baseClass.BaseClass" name="@BeforeSuite startReport" time="0.0">
    <ignored/>
  </testcase> <!-- @BeforeSuite startReport -->
  <testcase classname="com.qa.baseClass.BaseClass" name="@BeforeSuite startReport" time="0.0">
    <ignored/>
  </testcase> <!-- @BeforeSuite startReport -->
  <testcase classname="com.qa.baseClass.BaseClass" name="@BeforeSuite startReport" time="0.0">
    <ignored/>
  </testcase> <!-- @BeforeSuite startReport -->
  <testcase classname="com.qa.baseClass.BaseClass" name="@BeforeSuite startReport" time="0.0">
    <ignored/>
  </testcase> <!-- @BeforeSuite startReport -->
  <testcase classname="com.qa.baseClass.BaseClass" name="@BeforeSuite startReport" time="0.0">
    <ignored/>
  </testcase> <!-- @BeforeSuite startReport -->
  <testcase classname="com.qa.baseClass.BaseClass" name="@BeforeSuite startReport" time="0.0">
    <ignored/>
  </testcase> <!-- @BeforeSuite startReport -->
  <testcase classname="com.qa.baseClass.BaseClass" name="@BeforeSuite startReport" time="0.0">
    <ignored/>
  </testcase> <!-- @BeforeSuite startReport -->
  <testcase classname="com.qa.baseClass.BaseClass" name="@BeforeSuite startReport" time="0.0">
    <ignored/>
  </testcase> <!-- @BeforeSuite startReport -->
  <testcase classname="com.qa.baseClass.BaseClass" name="@BeforeSuite startReport" time="0.0">
    <ignored/>
  </testcase> <!-- @BeforeSuite startReport -->
  <testcase classname="com.qa.baseClass.BaseClass" name="@BeforeSuite startReport" time="0.0">
    <ignored/>
  </testcase> <!-- @BeforeSuite startReport -->
  <testcase classname="com.qa.baseClass.BaseClass" name="@BeforeSuite startReport" time="0.0">
    <ignored/>
  </testcase> <!-- @BeforeSuite startReport -->
  <testcase classname="com.qa.baseClass.BaseClass" name="@BeforeSuite startReport" time="0.0">
    <ignored/>
  </testcase> <!-- @BeforeSuite startReport -->
  <testcase classname="com.qa.baseClass.BaseClass" name="@BeforeSuite startReport" time="0.0">
    <ignored/>
  </testcase> <!-- @BeforeSuite startReport -->
  <testcase classname="com.qa.baseClass.BaseClass" name="@BeforeSuite startReport" time="0.0">
    <ignored/>
  </testcase> <!-- @BeforeSuite startReport -->
  <testcase classname="com.qa.baseClass.BaseClass" name="@BeforeSuite startReport" time="0.0">
    <ignored/>
  </testcase> <!-- @BeforeSuite startReport -->
  <testcase classname="com.qa.baseClass.BaseClass" name="@BeforeSuite startReport" time="0.0">
    <ignored/>
  </testcase> <!-- @BeforeSuite startReport -->
  <testcase classname="com.qa.baseClass.BaseClass" name="@BeforeSuite startReport" time="0.0">
    <ignored/>
  </testcase> <!-- @BeforeSuite startReport -->
  <testcase classname="com.qa.baseClass.BaseClass" name="@BeforeSuite startReport" time="0.0">
    <ignored/>
  </testcase> <!-- @BeforeSuite startReport -->
  <testcase classname="com.qa.baseClass.BaseClass" name="@BeforeSuite startReport" time="0.0">
    <ignored/>
  </testcase> <!-- @BeforeSuite startReport -->
  <testcase classname="com.qa.baseClass.BaseClass" name="@BeforeSuite startReport" time="0.0">
    <ignored/>
  </testcase> <!-- @BeforeSuite startReport -->
  <testcase classname="com.qa.baseClass.BaseClass" name="@BeforeSuite startReport" time="0.0">
    <ignored/>
  </testcase> <!-- @BeforeSuite startReport -->
  <testcase classname="com.qa.baseClass.BaseClass" name="@BeforeSuite startReport" time="0.0">
    <ignored/>
  </testcase> <!-- @BeforeSuite startReport -->
  <testcase classname="com.qa.baseClass.BaseClass" name="@BeforeSuite startReport" time="0.0">
    <ignored/>
  </testcase> <!-- @BeforeSuite startReport -->
  <testcase classname="com.qa.baseClass.BaseClass" name="@BeforeSuite startReport" time="0.0">
    <ignored/>
  </testcase> <!-- @BeforeSuite startReport -->
  <testcase classname="com.qa.baseClass.BaseClass" name="@BeforeSuite startReport" time="0.0">
    <ignored/>
  </testcase> <!-- @BeforeSuite startReport -->
  <testcase classname="com.qa.baseClass.BaseClass" name="@BeforeSuite startReport" time="0.0">
    <ignored/>
  </testcase> <!-- @BeforeSuite startReport -->
  <testcase classname="com.qa.baseClass.BaseClass" name="@BeforeSuite startReport" time="0.0">
    <ignored/>
  </testcase> <!-- @BeforeSuite startReport -->
  <testcase classname="com.qa.baseClass.BaseClass" name="@BeforeSuite startReport" time="0.0">
    <ignored/>
  </testcase> <!-- @BeforeSuite startReport -->
  <testcase classname="com.qa.baseClass.BaseClass" name="@BeforeSuite startReport" time="0.0">
    <ignored/>
  </testcase> <!-- @BeforeSuite startReport -->
  <testcase classname="com.qa.baseClass.BaseClass" name="@BeforeSuite startReport" time="0.0">
    <ignored/>
  </testcase> <!-- @BeforeSuite startReport -->
  <testcase classname="com.qa.baseClass.BaseClass" name="@BeforeSuite startReport" time="0.0">
    <ignored/>
  </testcase> <!-- @BeforeSuite startReport -->
  <testcase classname="com.qa.baseClass.BaseClass" name="@BeforeSuite startReport" time="0.0">
    <ignored/>
  </testcase> <!-- @BeforeSuite startReport -->
  <testcase classname="com.qa.baseClass.BaseClass" name="@BeforeSuite startReport" time="0.0">
    <ignored/>
  </testcase> <!-- @BeforeSuite startReport -->
  <testcase classname="com.qa.baseClass.BaseClass" name="@BeforeSuite startReport" time="0.0">
    <ignored/>
  </testcase> <!-- @BeforeSuite startReport -->
  <testcase classname="com.qa.baseClass.BaseClass" name="@BeforeSuite startReport" time="0.0">
    <ignored/>
  </testcase> <!-- @BeforeSuite startReport -->
  <testcase classname="com.qa.baseClass.BaseClass" name="@BeforeSuite startReport" time="0.0">
    <ignored/>
  </testcase> <!-- @BeforeSuite startReport -->
  <testcase classname="com.qa.baseClass.BaseClass" name="@BeforeSuite startReport" time="0.0">
    <ignored/>
  </testcase> <!-- @BeforeSuite startReport -->
</testsuite> <!-- Dr.Best Automation Test -->
