<?xml version="1.0" encoding="UTF-8"?>
<!-- Generated by org.testng.reporters.JUnitXMLReporter -->
<testsuite ignored="0" hostname="WKWZTPqvmdckJHX" failures="0" tests="7" name="web archive Verification for Haleon Active Sites" time="70.189" errors="0" timestamp="2023-10-15T12:13:08 IST">
  <testcase classname="com.qa.bens.checklist.test.CheckListNbspTest" name="verifyWebArchiveOrg" time="9.916"/>
  <testcase classname="com.qa.bens.checklist.test.CheckListNbspTest" name="verifyWebArchiveOrg" time="9.652"/>
  <testcase classname="com.qa.bens.checklist.test.CheckListNbspTest" name="verifyWebArchiveOrg" time="10.258"/>
  <testcase classname="com.qa.bens.checklist.test.CheckListNbspTest" name="verifyWebArchiveOrg" time="9.696"/>
  <testcase classname="com.qa.bens.checklist.test.CheckListNbspTest" name="verifyWebArchiveOrg" time="9.512"/>
  <testcase classname="com.qa.bens.checklist.test.CheckListNbspTest" name="verifyWebArchiveOrg" time="9.802"/>
  <testcase classname="com.qa.bens.checklist.test.CheckListNbspTest" name="verifyWebArchiveOrg" time="9.912"/>
</testsuite> <!-- web archive Verification for Haleon Active Sites -->
