<?xml version="1.0" encoding="UTF-8"?>
<!-- Generated by org.testng.reporters.JUnitXMLReporter -->
<testsuite ignored="16" hostname="WKWZTPqvmdckJHX" failures="0" tests="1" name="Default test" time="20.048" errors="0" timestamp="2023-10-12T15:29:43 IST">
  <testcase classname="com.qa.flonase.test.FlonaseSpringAllergiesCausesSymptomsTreatmentTest" name="cookieButton" time="1.538"/>
  <testcase classname="com.qa.flonase.test.FlonaseSpringAllergiesCausesSymptomsTreatmentTest" name="verifyAccFourHyperLinkOne" time="0.0">
    <ignored/>
  </testcase> <!-- verifyAccFourHyperLinkOne -->
  <testcase classname="com.qa.flonase.test.FlonaseSpringAllergiesCausesSymptomsTreatmentTest" name="verifyHyperLinkFive" time="0.0">
    <ignored/>
  </testcase> <!-- verifyHyperLinkFive -->
  <testcase classname="com.qa.flonase.test.FlonaseSpringAllergiesCausesSymptomsTreatmentTest" name="verifyAllAboutAllergiesArticleThree" time="0.0">
    <ignored/>
  </testcase> <!-- verifyAllAboutAllergiesArticleThree -->
  <testcase classname="com.qa.flonase.test.FlonaseSpringAllergiesCausesSymptomsTreatmentTest" name="verifyAccTwoHyperLinkOne" time="0.0">
    <ignored/>
  </testcase> <!-- verifyAccTwoHyperLinkOne -->
  <testcase classname="com.qa.flonase.test.FlonaseSpringAllergiesCausesSymptomsTreatmentTest" name="verifyAccOneHyperLinkOne" time="0.0">
    <ignored/>
  </testcase> <!-- verifyAccOneHyperLinkOne -->
  <testcase classname="com.qa.flonase.test.FlonaseSpringAllergiesCausesSymptomsTreatmentTest" name="verifyHyperLinkFour" time="0.0">
    <ignored/>
  </testcase> <!-- verifyHyperLinkFour -->
  <testcase classname="com.qa.flonase.test.FlonaseSpringAllergiesCausesSymptomsTreatmentTest" name="verifyAccThreeHyperLinkOne" time="0.0">
    <ignored/>
  </testcase> <!-- verifyAccThreeHyperLinkOne -->
  <testcase classname="com.qa.flonase.test.FlonaseSpringAllergiesCausesSymptomsTreatmentTest" name="verifyTagsLinksOne" time="0.0">
    <ignored/>
  </testcase> <!-- verifyTagsLinksOne -->
  <testcase classname="com.qa.flonase.test.FlonaseSpringAllergiesCausesSymptomsTreatmentTest" name="verifyAllAboutAllergiesArticleOne" time="0.0">
    <ignored/>
  </testcase> <!-- verifyAllAboutAllergiesArticleOne -->
  <testcase classname="com.qa.flonase.test.FlonaseSpringAllergiesCausesSymptomsTreatmentTest" name="verifyHyperLinkThree" time="0.0">
    <ignored/>
  </testcase> <!-- verifyHyperLinkThree -->
  <testcase classname="com.qa.flonase.test.FlonaseSpringAllergiesCausesSymptomsTreatmentTest" name="verifyAllAboutAllergiesArticleTwo" time="0.0">
    <ignored/>
  </testcase> <!-- verifyAllAboutAllergiesArticleTwo -->
  <testcase classname="com.qa.flonase.test.FlonaseSpringAllergiesCausesSymptomsTreatmentTest" name="verifyHyperLinkSeeAllArticles" time="0.0">
    <ignored/>
  </testcase> <!-- verifyHyperLinkSeeAllArticles -->
  <testcase classname="com.qa.flonase.test.FlonaseSpringAllergiesCausesSymptomsTreatmentTest" name="verifyAllAcc" time="0.0">
    <ignored/>
  </testcase> <!-- verifyAllAcc -->
  <testcase classname="com.qa.flonase.test.FlonaseSpringAllergiesCausesSymptomsTreatmentTest" name="verifyBtnBuyNow" time="0.0">
    <ignored/>
  </testcase> <!-- verifyBtnBuyNow -->
  <testcase classname="com.qa.flonase.test.FlonaseSpringAllergiesCausesSymptomsTreatmentTest" name="verifyHyperLinkTwo" time="0.0">
    <ignored/>
  </testcase> <!-- verifyHyperLinkTwo -->
  <testcase classname="com.qa.flonase.test.FlonaseSpringAllergiesCausesSymptomsTreatmentTest" name="verifyHyperLinkOne" time="0.0">
    <ignored/>
  </testcase> <!-- verifyHyperLinkOne -->
</testsuite> <!-- Default test -->
