<?xml version="1.0" encoding="UTF-8"?>
<!-- Generated by org.testng.reporters.JUnitXMLReporter -->
<testsuite ignored="0" hostname="WKWZTPqvmdckJHX" failures="0" tests="92" name="Youtube Link Verification" time="300.26" errors="0" timestamp="2023-07-11T17:22:10 IST">
  <testcase classname="com.qa.bens.checklist.test.FindYoutubeLinksTest" name="verifyExpiredCode" time="6.646"/>
  <testcase classname="com.qa.bens.checklist.test.FindYoutubeLinksTest" name="verifyExpiredCode" time="2.49"/>
  <testcase classname="com.qa.bens.checklist.test.FindYoutubeLinksTest" name="verifyExpiredCode" time="3.009"/>
  <testcase classname="com.qa.bens.checklist.test.FindYoutubeLinksTest" name="verifyExpiredCode" time="3.113"/>
  <testcase classname="com.qa.bens.checklist.test.FindYoutubeLinksTest" name="verifyExpiredCode" time="3.593"/>
  <testcase classname="com.qa.bens.checklist.test.FindYoutubeLinksTest" name="verifyExpiredCode" time="2.866"/>
  <testcase classname="com.qa.bens.checklist.test.FindYoutubeLinksTest" name="verifyExpiredCode" time="3.276"/>
  <testcase classname="com.qa.bens.checklist.test.FindYoutubeLinksTest" name="verifyExpiredCode" time="5.142"/>
  <testcase classname="com.qa.bens.checklist.test.FindYoutubeLinksTest" name="verifyExpiredCode" time="2.912"/>
  <testcase classname="com.qa.bens.checklist.test.FindYoutubeLinksTest" name="verifyExpiredCode" time="3.836"/>
  <testcase classname="com.qa.bens.checklist.test.FindYoutubeLinksTest" name="verifyExpiredCode" time="2.536"/>
  <testcase classname="com.qa.bens.checklist.test.FindYoutubeLinksTest" name="verifyExpiredCode" time="2.949"/>
  <testcase classname="com.qa.bens.checklist.test.FindYoutubeLinksTest" name="verifyExpiredCode" time="2.821"/>
  <testcase classname="com.qa.bens.checklist.test.FindYoutubeLinksTest" name="verifyExpiredCode" time="2.598"/>
  <testcase classname="com.qa.bens.checklist.test.FindYoutubeLinksTest" name="verifyExpiredCode" time="6.594"/>
  <testcase classname="com.qa.bens.checklist.test.FindYoutubeLinksTest" name="verifyExpiredCode" time="4.312"/>
  <testcase classname="com.qa.bens.checklist.test.FindYoutubeLinksTest" name="verifyExpiredCode" time="5.644"/>
  <testcase classname="com.qa.bens.checklist.test.FindYoutubeLinksTest" name="verifyExpiredCode" time="3.616"/>
  <testcase classname="com.qa.bens.checklist.test.FindYoutubeLinksTest" name="verifyExpiredCode" time="3.527"/>
  <testcase classname="com.qa.bens.checklist.test.FindYoutubeLinksTest" name="verifyExpiredCode" time="3.594"/>
  <testcase classname="com.qa.bens.checklist.test.FindYoutubeLinksTest" name="verifyExpiredCode" time="2.513"/>
  <testcase classname="com.qa.bens.checklist.test.FindYoutubeLinksTest" name="verifyExpiredCode" time="2.51"/>
  <testcase classname="com.qa.bens.checklist.test.FindYoutubeLinksTest" name="verifyExpiredCode" time="2.529"/>
  <testcase classname="com.qa.bens.checklist.test.FindYoutubeLinksTest" name="verifyExpiredCode" time="2.752"/>
  <testcase classname="com.qa.bens.checklist.test.FindYoutubeLinksTest" name="verifyExpiredCode" time="2.843"/>
  <testcase classname="com.qa.bens.checklist.test.FindYoutubeLinksTest" name="verifyExpiredCode" time="3.136"/>
  <testcase classname="com.qa.bens.checklist.test.FindYoutubeLinksTest" name="verifyExpiredCode" time="2.621"/>
  <testcase classname="com.qa.bens.checklist.test.FindYoutubeLinksTest" name="verifyExpiredCode" time="2.76"/>
  <testcase classname="com.qa.bens.checklist.test.FindYoutubeLinksTest" name="verifyExpiredCode" time="4.03"/>
  <testcase classname="com.qa.bens.checklist.test.FindYoutubeLinksTest" name="verifyExpiredCode" time="4.126"/>
  <testcase classname="com.qa.bens.checklist.test.FindYoutubeLinksTest" name="verifyExpiredCode" time="3.607"/>
  <testcase classname="com.qa.bens.checklist.test.FindYoutubeLinksTest" name="verifyExpiredCode" time="3.239"/>
  <testcase classname="com.qa.bens.checklist.test.FindYoutubeLinksTest" name="verifyExpiredCode" time="4.275"/>
  <testcase classname="com.qa.bens.checklist.test.FindYoutubeLinksTest" name="verifyExpiredCode" time="3.02"/>
  <testcase classname="com.qa.bens.checklist.test.FindYoutubeLinksTest" name="verifyExpiredCode" time="2.878"/>
  <testcase classname="com.qa.bens.checklist.test.FindYoutubeLinksTest" name="verifyExpiredCode" time="2.857"/>
  <testcase classname="com.qa.bens.checklist.test.FindYoutubeLinksTest" name="verifyExpiredCode" time="2.691"/>
  <testcase classname="com.qa.bens.checklist.test.FindYoutubeLinksTest" name="verifyExpiredCode" time="2.922"/>
  <testcase classname="com.qa.bens.checklist.test.FindYoutubeLinksTest" name="verifyExpiredCode" time="3.684"/>
  <testcase classname="com.qa.bens.checklist.test.FindYoutubeLinksTest" name="verifyExpiredCode" time="3.2"/>
  <testcase classname="com.qa.bens.checklist.test.FindYoutubeLinksTest" name="verifyExpiredCode" time="3.668"/>
  <testcase classname="com.qa.bens.checklist.test.FindYoutubeLinksTest" name="verifyExpiredCode" time="4.08"/>
  <testcase classname="com.qa.bens.checklist.test.FindYoutubeLinksTest" name="verifyExpiredCode" time="2.927"/>
  <testcase classname="com.qa.bens.checklist.test.FindYoutubeLinksTest" name="verifyExpiredCode" time="3.228"/>
  <testcase classname="com.qa.bens.checklist.test.FindYoutubeLinksTest" name="verifyExpiredCode" time="2.638"/>
  <testcase classname="com.qa.bens.checklist.test.FindYoutubeLinksTest" name="verifyExpiredCode" time="3.678"/>
  <testcase classname="com.qa.bens.checklist.test.FindYoutubeLinksTest" name="verifyExpiredCode" time="2.494"/>
  <testcase classname="com.qa.bens.checklist.test.FindYoutubeLinksTest" name="verifyExpiredCode" time="2.959"/>
  <testcase classname="com.qa.bens.checklist.test.FindYoutubeLinksTest" name="verifyExpiredCode" time="3.649"/>
  <testcase classname="com.qa.bens.checklist.test.FindYoutubeLinksTest" name="verifyExpiredCode" time="2.888"/>
  <testcase classname="com.qa.bens.checklist.test.FindYoutubeLinksTest" name="verifyExpiredCode" time="2.884"/>
  <testcase classname="com.qa.bens.checklist.test.FindYoutubeLinksTest" name="verifyExpiredCode" time="2.662"/>
  <testcase classname="com.qa.bens.checklist.test.FindYoutubeLinksTest" name="verifyExpiredCode" time="2.94"/>
  <testcase classname="com.qa.bens.checklist.test.FindYoutubeLinksTest" name="verifyExpiredCode" time="2.934"/>
  <testcase classname="com.qa.bens.checklist.test.FindYoutubeLinksTest" name="verifyExpiredCode" time="2.884"/>
  <testcase classname="com.qa.bens.checklist.test.FindYoutubeLinksTest" name="verifyExpiredCode" time="2.898"/>
  <testcase classname="com.qa.bens.checklist.test.FindYoutubeLinksTest" name="verifyExpiredCode" time="2.957"/>
  <testcase classname="com.qa.bens.checklist.test.FindYoutubeLinksTest" name="verifyExpiredCode" time="2.94"/>
  <testcase classname="com.qa.bens.checklist.test.FindYoutubeLinksTest" name="verifyExpiredCode" time="2.853"/>
  <testcase classname="com.qa.bens.checklist.test.FindYoutubeLinksTest" name="verifyExpiredCode" time="2.858"/>
  <testcase classname="com.qa.bens.checklist.test.FindYoutubeLinksTest" name="verifyExpiredCode" time="2.847"/>
  <testcase classname="com.qa.bens.checklist.test.FindYoutubeLinksTest" name="verifyExpiredCode" time="4.318"/>
  <testcase classname="com.qa.bens.checklist.test.FindYoutubeLinksTest" name="verifyExpiredCode" time="3.06"/>
  <testcase classname="com.qa.bens.checklist.test.FindYoutubeLinksTest" name="verifyExpiredCode" time="3.306"/>
  <testcase classname="com.qa.bens.checklist.test.FindYoutubeLinksTest" name="verifyExpiredCode" time="2.955"/>
  <testcase classname="com.qa.bens.checklist.test.FindYoutubeLinksTest" name="verifyExpiredCode" time="2.956"/>
  <testcase classname="com.qa.bens.checklist.test.FindYoutubeLinksTest" name="verifyExpiredCode" time="2.913"/>
  <testcase classname="com.qa.bens.checklist.test.FindYoutubeLinksTest" name="verifyExpiredCode" time="2.913"/>
  <testcase classname="com.qa.bens.checklist.test.FindYoutubeLinksTest" name="verifyExpiredCode" time="3.163"/>
  <testcase classname="com.qa.bens.checklist.test.FindYoutubeLinksTest" name="verifyExpiredCode" time="3.502"/>
  <testcase classname="com.qa.bens.checklist.test.FindYoutubeLinksTest" name="verifyExpiredCode" time="2.865"/>
  <testcase classname="com.qa.bens.checklist.test.FindYoutubeLinksTest" name="verifyExpiredCode" time="2.974"/>
  <testcase classname="com.qa.bens.checklist.test.FindYoutubeLinksTest" name="verifyExpiredCode" time="2.96"/>
  <testcase classname="com.qa.bens.checklist.test.FindYoutubeLinksTest" name="verifyExpiredCode" time="3.374"/>
  <testcase classname="com.qa.bens.checklist.test.FindYoutubeLinksTest" name="verifyExpiredCode" time="4.002"/>
  <testcase classname="com.qa.bens.checklist.test.FindYoutubeLinksTest" name="verifyExpiredCode" time="2.936"/>
  <testcase classname="com.qa.bens.checklist.test.FindYoutubeLinksTest" name="verifyExpiredCode" time="3.029"/>
  <testcase classname="com.qa.bens.checklist.test.FindYoutubeLinksTest" name="verifyExpiredCode" time="2.844"/>
  <testcase classname="com.qa.bens.checklist.test.FindYoutubeLinksTest" name="verifyExpiredCode" time="2.922"/>
  <testcase classname="com.qa.bens.checklist.test.FindYoutubeLinksTest" name="verifyExpiredCode" time="2.78"/>
  <testcase classname="com.qa.bens.checklist.test.FindYoutubeLinksTest" name="verifyExpiredCode" time="3.253"/>
  <testcase classname="com.qa.bens.checklist.test.FindYoutubeLinksTest" name="verifyExpiredCode" time="3.193"/>
  <testcase classname="com.qa.bens.checklist.test.FindYoutubeLinksTest" name="verifyExpiredCode" time="2.918"/>
  <testcase classname="com.qa.bens.checklist.test.FindYoutubeLinksTest" name="verifyExpiredCode" time="3.224"/>
  <testcase classname="com.qa.bens.checklist.test.FindYoutubeLinksTest" name="verifyExpiredCode" time="3.158"/>
  <testcase classname="com.qa.bens.checklist.test.FindYoutubeLinksTest" name="verifyExpiredCode" time="3.542"/>
  <testcase classname="com.qa.bens.checklist.test.FindYoutubeLinksTest" name="verifyExpiredCode" time="2.908"/>
  <testcase classname="com.qa.bens.checklist.test.FindYoutubeLinksTest" name="verifyExpiredCode" time="3.361"/>
  <testcase classname="com.qa.bens.checklist.test.FindYoutubeLinksTest" name="verifyExpiredCode" time="2.86"/>
  <testcase classname="com.qa.bens.checklist.test.FindYoutubeLinksTest" name="verifyExpiredCode" time="2.803"/>
  <testcase classname="com.qa.bens.checklist.test.FindYoutubeLinksTest" name="verifyExpiredCode" time="3.835"/>
  <testcase classname="com.qa.bens.checklist.test.FindYoutubeLinksTest" name="verifyExpiredCode" time="2.82"/>
</testsuite> <!-- Youtube Link Verification -->
